libEGL warning: DRI3 error: Could not get DRI3 device
libEGL warning: Ensure your X server supports DRI3 to get accelerated rendering
[QuillUI GTK] state install type=IceCubesLinuxApp.AppView key=root::IceCubesLinuxApp.AppView#0 providers=6 cached=false
[QuillUI GTK] TabView render tabs=2 initial=nil
[QuillUI GTK] TabView add id=timeline title=<empty> content=SwiftOpenUI.OverlayView<SwiftOpenUI._ConditionalView<SwiftOpenUI._ConditionalView<SwiftOpenUI._ConditionalView<SwiftOpenUI._ConditionalView<SwiftOpenUI._ConditionalView<IceCubesLinuxApp.(unknown context at $aaaadc3d26d0).TimelineFilterTab, IceCubesLinuxApp.TimelineTab>, SwiftOpenUI._ConditionalView<IceCubesLinuxApp.TimelineTab, IceCubesLinuxApp.TimelineTab>>, SwiftOpenUI._ConditionalView<SwiftOpenUI._ConditionalView<IceCubesLinuxApp.TimelineTab, IceCubesLinuxApp.NotificationsTab>, SwiftOpenUI._ConditionalView<IceCubesLinuxApp.NotificationsTab, IceCubesLinuxApp.ExploreTab>>>, SwiftOpenUI._ConditionalView<SwiftOpenUI._ConditionalView<SwiftOpenUI._ConditionalView<IceCubesLinuxApp.MessagesTab, IceCubesLinuxApp.SettingsTabs>, SwiftOpenUI._ConditionalView<IceCubesLinuxApp.ProfileTab, IceCubesLinuxApp.NavigationTab<IceCubesAccount.AccountStatusesListView>>>, SwiftOpenUI._ConditionalView<SwiftOpenUI._ConditionalView<IceCubesLinuxApp.NavigationTab<IceCubesAccount.AccountStatusesListView>, IceCubesLinuxApp.NavigationTab<IceCubesAccount.AccountMetricsView>>, SwiftOpenUI._ConditionalView<IceCubesLinuxApp.NavigationTab<IceCubesAccount.FollowedTagsListView>, IceCubesLinuxApp.NavigationTab<IceCubesAccount.ListsListView>>>>>, SwiftOpenUI._ConditionalView<SwiftOpenUI._ConditionalView<IceCubesLinuxApp.NavigationTab<Explore.TrendingLinksListView>, SwiftOpenUI.VStack<SwiftOpenUI.EmptyView>>, SwiftOpenUI.EmptyView>>, DesignSystem.ToastOverlayView>
[QuillUI GTK] state install type=IceCubesLinuxApp.TimelineTab key=root::IceCubesLinuxApp.AppView#0::IceCubesLinuxApp.TimelineTab#0 providers=6 cached=false
[QuillUI GTK] state install type=Timeline.TimelineView key=root::IceCubesLinuxApp.AppView#0::IceCubesLinuxApp.TimelineTab#0::Timeline.TimelineView#0 providers=4 cached=false
[QuillUI GTK] stateful initial type=Timeline.TimelineTagGroupheaderView child=GtkBox hexpand=false vexpand=false
[QuillUI GTK] state install type=Timeline.TimelineTagHeaderView key=root::Timeline.TimelineTagHeaderView#0 providers=1 cached=false
[QuillUI GTK] stateful initial type=Timeline.TimelineTagHeaderView child=GtkBox hexpand=false vexpand=false
[QuillUI GTK] state install type=StatusKit.StatusesListView<Timeline.TimelineViewModel> key=root::StatusKit.StatusesListView<Timeline.TimelineViewModel>#0 providers=1 cached=false
[QuillUI GTK] state install type=StatusKit.StatusRowView key=root::StatusKit.StatusesListView<Timeline.TimelineViewModel>#0::StatusKit.StatusRowView#0 providers=4 cached=false
[QuillUI GTK] stateful initial type=StatusKit.StatusRowTagView child=GtkBox hexpand=false vexpand=false
[QuillUI GTK] state install type=SwiftOpenUI.AsyncImage key=root::SwiftOpenUI.AsyncImage#0 providers=2 cached=false
[QuillUI GTK] stateful initial type=SwiftOpenUI.AsyncImage child=GtkBox hexpand=false vexpand=false
[QuillUI GTK] stateful initial type=DesignSystem.AvatarImage child=GtkBox hexpand=false vexpand=false
[QuillUI GTK] stateful initial type=DesignSystem.AvatarView child=GtkFixed hexpand=false vexpand=false
[QuillUI GTK] stateful initial type=StatusKit.StatusRowHeaderView child=GtkBox hexpand=true vexpand=false
[QuillUI GTK] stateful initial type=StatusKit.StatusRowTextView child=GtkBox hexpand=true vexpand=false
[QuillUI GTK] stateful initial type=StatusKit.StatusRowTranslateView child=GtkBox hexpand=false vexpand=false
[QuillUI GTK] stateful initial type=StatusKit.StatusRowContentView child=GtkBox hexpand=true vexpand=false
[QuillUI GTK] state install type=StatusKit.StatusRowActionsView key=root::StatusKit.StatusesListView<Timeline.TimelineViewModel>#0::StatusKit.StatusRowView#0::StatusKit.StatusRowActionsView#0 providers=2 cached=false
[QuillUI GTK] sheet bool presented=false activeKey=swift-sheet-SwiftOpenUI.SheetModifierView<SwiftOpenUI.FixedSizeView<SwiftOpenUI.VStack<SwiftOpenUI.HStack<SwiftOpenUI.ViewList>>>, StatusKit.StatusRowSelectableTextView>-active
[QuillUI GTK] sheet bool presented=false activeKey=swift-sheet-SwiftOpenUI.SheetModifierView<SwiftOpenUI.SheetModifierView<SwiftOpenUI.FixedSizeView<SwiftOpenUI.VStack<SwiftOpenUI.HStack<SwiftOpenUI.ViewList>>>, StatusKit.StatusRowSelectableTextView>, StatusKit.StatusRowShareAsImageView>-active
[QuillUI GTK] stateful initial type=StatusKit.StatusRowActionsView child=GtkBox hexpand=true vexpand=false
[QuillUI GTK] sheet bool presented=false activeKey=swift-sheet-SwiftOpenUI.SheetModifierView<SwiftOpenUI.AnyView, StatusKit.StatusRowSelectableTextView>-active
[QuillUI GTK] stateful initial type=StatusKit.StatusRowView child=GtkOverlay hexpand=true vexpand=true
[QuillUI GTK] state install type=StatusKit.StatusRowView key=root::StatusKit.StatusesListView<Timeline.TimelineViewModel>#0::StatusKit.StatusRowView#1 providers=4 cached=false
[QuillUI GTK] stateful initial type=StatusKit.StatusRowTagView child=GtkBox hexpand=false vexpand=false
[QuillUI GTK] state install type=SwiftOpenUI.AsyncImage key=root::SwiftOpenUI.AsyncImage#0 providers=2 cached=true
[QuillUI GTK] state forward type=AsyncImagePhase
[QuillUI GTK] state forward type=Bool
[QuillUI GTK] stateful initial type=SwiftOpenUI.AsyncImage child=GtkBox hexpand=false vexpand=false
[QuillUI GTK] stateful initial type=DesignSystem.AvatarImage child=GtkBox hexpand=false vexpand=false
[QuillUI GTK] stateful initial type=DesignSystem.AvatarView child=GtkFixed hexpand=false vexpand=false
[QuillUI GTK] stateful initial type=StatusKit.StatusRowHeaderView child=GtkBox hexpand=true vexpand=false
[QuillUI GTK] stateful initial type=StatusKit.StatusRowTextView child=GtkBox hexpand=true vexpand=false
[QuillUI GTK] stateful initial type=StatusKit.StatusRowTranslateView child=GtkBox hexpand=false vexpand=false
[QuillUI GTK] stateful initial type=StatusKit.StatusRowContentView child=GtkBox hexpand=true vexpand=false
[QuillUI GTK] state install type=StatusKit.StatusRowActionsView key=root::StatusKit.StatusesListView<Timeline.TimelineViewModel>#0::StatusKit.StatusRowView#1::StatusKit.StatusRowActionsView#0 providers=2 cached=false
[QuillUI GTK] sheet bool presented=false activeKey=swift-sheet-SwiftOpenUI.SheetModifierView<SwiftOpenUI.FixedSizeView<SwiftOpenUI.VStack<SwiftOpenUI.HStack<SwiftOpenUI.ViewList>>>, StatusKit.StatusRowSelectableTextView>-active
[QuillUI GTK] sheet bool presented=false activeKey=swift-sheet-SwiftOpenUI.SheetModifierView<SwiftOpenUI.SheetModifierView<SwiftOpenUI.FixedSizeView<SwiftOpenUI.VStack<SwiftOpenUI.HStack<SwiftOpenUI.ViewList>>>, StatusKit.StatusRowSelectableTextView>, StatusKit.StatusRowShareAsImageView>-active
[QuillUI GTK] stateful initial type=StatusKit.StatusRowActionsView child=GtkBox hexpand=true vexpand=false
[QuillUI GTK] sheet bool presented=false activeKey=swift-sheet-SwiftOpenUI.SheetModifierView<SwiftOpenUI.AnyView, StatusKit.StatusRowSelectableTextView>-active
[QuillUI GTK] stateful initial type=StatusKit.StatusRowView child=GtkOverlay hexpand=true vexpand=true
[QuillUI GTK] state install type=StatusKit.StatusRowView key=root::StatusKit.StatusesListView<Timeline.TimelineViewModel>#0::StatusKit.StatusRowView#2 providers=4 cached=false
[QuillUI GTK] stateful initial type=StatusKit.StatusRowTagView child=GtkBox hexpand=false vexpand=false
[QuillUI GTK] state install type=SwiftOpenUI.AsyncImage key=root::SwiftOpenUI.AsyncImage#0 providers=2 cached=true
[QuillUI GTK] state forward type=AsyncImagePhase
[QuillUI GTK] state forward type=Bool
[QuillUI GTK] stateful initial type=SwiftOpenUI.AsyncImage child=GtkBox hexpand=false vexpand=false
[QuillUI GTK] stateful initial type=DesignSystem.AvatarImage child=GtkBox hexpand=false vexpand=false
[QuillUI GTK] stateful initial type=DesignSystem.AvatarView child=GtkFixed hexpand=false vexpand=false
[QuillUI GTK] stateful initial type=StatusKit.StatusRowHeaderView child=GtkBox hexpand=true vexpand=false
[QuillUI GTK] stateful initial type=StatusKit.StatusRowTextView child=GtkBox hexpand=true vexpand=false
[QuillUI GTK] stateful initial type=StatusKit.StatusRowTranslateView child=GtkBox hexpand=false vexpand=false
[QuillUI GTK] stateful initial type=StatusKit.StatusRowContentView child=GtkBox hexpand=true vexpand=false
[QuillUI GTK] state install type=StatusKit.StatusRowActionsView key=root::StatusKit.StatusesListView<Timeline.TimelineViewModel>#0::StatusKit.StatusRowView#2::StatusKit.StatusRowActionsView#0 providers=2 cached=false
[QuillUI GTK] sheet bool presented=false activeKey=swift-sheet-SwiftOpenUI.SheetModifierView<SwiftOpenUI.FixedSizeView<SwiftOpenUI.VStack<SwiftOpenUI.HStack<SwiftOpenUI.ViewList>>>, StatusKit.StatusRowSelectableTextView>-active
[QuillUI GTK] sheet bool presented=false activeKey=swift-sheet-SwiftOpenUI.SheetModifierView<SwiftOpenUI.SheetModifierView<SwiftOpenUI.FixedSizeView<SwiftOpenUI.VStack<SwiftOpenUI.HStack<SwiftOpenUI.ViewList>>>, StatusKit.StatusRowSelectableTextView>, StatusKit.StatusRowShareAsImageView>-active
[QuillUI GTK] stateful initial type=StatusKit.StatusRowActionsView child=GtkBox hexpand=true vexpand=false
[QuillUI GTK] sheet bool presented=false activeKey=swift-sheet-SwiftOpenUI.SheetModifierView<SwiftOpenUI.AnyView, StatusKit.StatusRowSelectableTextView>-active
[QuillUI GTK] stateful initial type=StatusKit.StatusRowView child=GtkOverlay hexpand=true vexpand=true
[QuillUI GTK] state install type=StatusKit.StatusRowView key=root::StatusKit.StatusesListView<Timeline.TimelineViewModel>#0::StatusKit.StatusRowView#3 providers=4 cached=false
[QuillUI GTK] stateful initial type=StatusKit.StatusRowTagView child=GtkBox hexpand=false vexpand=false
[QuillUI GTK] state install type=SwiftOpenUI.AsyncImage key=root::SwiftOpenUI.AsyncImage#0 providers=2 cached=true
[QuillUI GTK] state forward type=AsyncImagePhase
[QuillUI GTK] state forward type=Bool
[QuillUI GTK] stateful initial type=SwiftOpenUI.AsyncImage child=GtkBox hexpand=false vexpand=false
[QuillUI GTK] stateful initial type=DesignSystem.AvatarImage child=GtkBox hexpand=false vexpand=false
[QuillUI GTK] stateful initial type=DesignSystem.AvatarView child=GtkFixed hexpand=false vexpand=false
[QuillUI GTK] stateful initial type=StatusKit.StatusRowHeaderView child=GtkBox hexpand=true vexpand=false
[QuillUI GTK] stateful initial type=StatusKit.StatusRowTextView child=GtkBox hexpand=true vexpand=false
[QuillUI GTK] stateful initial type=StatusKit.StatusRowTranslateView child=GtkBox hexpand=false vexpand=false
[QuillUI GTK] stateful initial type=StatusKit.StatusRowContentView child=GtkBox hexpand=true vexpand=false
[QuillUI GTK] state install type=StatusKit.StatusRowActionsView key=root::StatusKit.StatusesListView<Timeline.TimelineViewModel>#0::StatusKit.StatusRowView#3::StatusKit.StatusRowActionsView#0 providers=2 cached=false
[QuillUI GTK] sheet bool presented=false activeKey=swift-sheet-SwiftOpenUI.SheetModifierView<SwiftOpenUI.FixedSizeView<SwiftOpenUI.VStack<SwiftOpenUI.HStack<SwiftOpenUI.ViewList>>>, StatusKit.StatusRowSelectableTextView>-active
[QuillUI GTK] sheet bool presented=false activeKey=swift-sheet-SwiftOpenUI.SheetModifierView<SwiftOpenUI.SheetModifierView<SwiftOpenUI.FixedSizeView<SwiftOpenUI.VStack<SwiftOpenUI.HStack<SwiftOpenUI.ViewList>>>, StatusKit.StatusRowSelectableTextView>, StatusKit.StatusRowShareAsImageView>-active
[QuillUI GTK] stateful initial type=StatusKit.StatusRowActionsView child=GtkBox hexpand=true vexpand=false
[QuillUI GTK] sheet bool presented=false activeKey=swift-sheet-SwiftOpenUI.SheetModifierView<SwiftOpenUI.AnyView, StatusKit.StatusRowSelectableTextView>-active
[QuillUI GTK] stateful initial type=StatusKit.StatusRowView child=GtkOverlay hexpand=true vexpand=true
[QuillUI GTK] state install type=StatusKit.StatusRowView key=root::StatusKit.StatusesListView<Timeline.TimelineViewModel>#0::StatusKit.StatusRowView#4 providers=4 cached=false
[QuillUI GTK] stateful initial type=StatusKit.StatusRowTagView child=GtkBox hexpand=false vexpand=false
[QuillUI GTK] state install type=SwiftOpenUI.AsyncImage key=root::SwiftOpenUI.AsyncImage#0 providers=2 cached=true
[QuillUI GTK] state forward type=AsyncImagePhase
[QuillUI GTK] state forward type=Bool
[QuillUI GTK] stateful initial type=SwiftOpenUI.AsyncImage child=GtkBox hexpand=false vexpand=false
[QuillUI GTK] stateful initial type=DesignSystem.AvatarImage child=GtkBox hexpand=false vexpand=false
[QuillUI GTK] stateful initial type=DesignSystem.AvatarView child=GtkFixed hexpand=false vexpand=false
[QuillUI GTK] stateful initial type=StatusKit.StatusRowHeaderView child=GtkBox hexpand=true vexpand=false
[QuillUI GTK] stateful initial type=StatusKit.StatusRowTextView child=GtkBox hexpand=true vexpand=false
[QuillUI GTK] stateful initial type=StatusKit.StatusRowTranslateView child=GtkBox hexpand=false vexpand=false
[QuillUI GTK] stateful initial type=StatusKit.StatusRowContentView child=GtkBox hexpand=true vexpand=false
[QuillUI GTK] state install type=StatusKit.StatusRowActionsView key=root::StatusKit.StatusesListView<Timeline.TimelineViewModel>#0::StatusKit.StatusRowView#4::StatusKit.StatusRowActionsView#0 providers=2 cached=false
[QuillUI GTK] sheet bool presented=false activeKey=swift-sheet-SwiftOpenUI.SheetModifierView<SwiftOpenUI.FixedSizeView<SwiftOpenUI.VStack<SwiftOpenUI.HStack<SwiftOpenUI.ViewList>>>, StatusKit.StatusRowSelectableTextView>-active
[QuillUI GTK] sheet bool presented=false activeKey=swift-sheet-SwiftOpenUI.SheetModifierView<SwiftOpenUI.SheetModifierView<SwiftOpenUI.FixedSizeView<SwiftOpenUI.VStack<SwiftOpenUI.HStack<SwiftOpenUI.ViewList>>>, StatusKit.StatusRowSelectableTextView>, StatusKit.StatusRowShareAsImageView>-active
[QuillUI GTK] stateful initial type=StatusKit.StatusRowActionsView child=GtkBox hexpand=true vexpand=false
[QuillUI GTK] sheet bool presented=false activeKey=swift-sheet-SwiftOpenUI.SheetModifierView<SwiftOpenUI.AnyView, StatusKit.StatusRowSelectableTextView>-active
[QuillUI GTK] stateful initial type=StatusKit.StatusRowView child=GtkOverlay hexpand=true vexpand=true
[QuillUI GTK] state install type=StatusKit.StatusRowView key=root::StatusKit.StatusesListView<Timeline.TimelineViewModel>#0::StatusKit.StatusRowView#5 providers=4 cached=false
[QuillUI GTK] stateful initial type=StatusKit.StatusRowTagView child=GtkBox hexpand=false vexpand=false
[QuillUI GTK] state install type=SwiftOpenUI.AsyncImage key=root::SwiftOpenUI.AsyncImage#0 providers=2 cached=true
[QuillUI GTK] state forward type=AsyncImagePhase
[QuillUI GTK] state forward type=Bool
[QuillUI GTK] stateful initial type=SwiftOpenUI.AsyncImage child=GtkBox hexpand=false vexpand=false
[QuillUI GTK] stateful initial type=DesignSystem.AvatarImage child=GtkBox hexpand=false vexpand=false
[QuillUI GTK] stateful initial type=DesignSystem.AvatarView child=GtkFixed hexpand=false vexpand=false
[QuillUI GTK] stateful initial type=StatusKit.StatusRowHeaderView child=GtkBox hexpand=true vexpand=false
[QuillUI GTK] stateful initial type=StatusKit.StatusRowTextView child=GtkBox hexpand=true vexpand=false
[QuillUI GTK] stateful initial type=StatusKit.StatusRowTranslateView child=GtkBox hexpand=false vexpand=false
[QuillUI GTK] stateful initial type=StatusKit.StatusRowContentView child=GtkBox hexpand=true vexpand=false
[QuillUI GTK] state install type=StatusKit.StatusRowActionsView key=root::StatusKit.StatusesListView<Timeline.TimelineViewModel>#0::StatusKit.StatusRowView#5::StatusKit.StatusRowActionsView#0 providers=2 cached=false
[QuillUI GTK] sheet bool presented=false activeKey=swift-sheet-SwiftOpenUI.SheetModifierView<SwiftOpenUI.FixedSizeView<SwiftOpenUI.VStack<SwiftOpenUI.HStack<SwiftOpenUI.ViewList>>>, StatusKit.StatusRowSelectableTextView>-active
[QuillUI GTK] sheet bool presented=false activeKey=swift-sheet-SwiftOpenUI.SheetModifierView<SwiftOpenUI.SheetModifierView<SwiftOpenUI.FixedSizeView<SwiftOpenUI.VStack<SwiftOpenUI.HStack<SwiftOpenUI.ViewList>>>, StatusKit.StatusRowSelectableTextView>, StatusKit.StatusRowShareAsImageView>-active
[QuillUI GTK] stateful initial type=StatusKit.StatusRowActionsView child=GtkBox hexpand=true vexpand=false
[QuillUI GTK] sheet bool presented=false activeKey=swift-sheet-SwiftOpenUI.SheetModifierView<SwiftOpenUI.AnyView, StatusKit.StatusRowSelectableTextView>-active
[QuillUI GTK] stateful initial type=StatusKit.StatusRowView child=GtkOverlay hexpand=true vexpand=true
[QuillUI GTK] state install type=StatusKit.StatusRowView key=root::StatusKit.StatusesListView<Timeline.TimelineViewModel>#0::StatusKit.StatusRowView#6 providers=4 cached=false
[QuillUI GTK] stateful initial type=StatusKit.StatusRowTagView child=GtkBox hexpand=false vexpand=false
[QuillUI GTK] state install type=SwiftOpenUI.AsyncImage key=root::SwiftOpenUI.AsyncImage#0 providers=2 cached=true
[QuillUI GTK] state forward type=AsyncImagePhase
[QuillUI GTK] state forward type=Bool
[QuillUI GTK] stateful initial type=SwiftOpenUI.AsyncImage child=GtkBox hexpand=false vexpand=false
[QuillUI GTK] stateful initial type=DesignSystem.AvatarImage child=GtkBox hexpand=false vexpand=false
[QuillUI GTK] stateful initial type=DesignSystem.AvatarView child=GtkFixed hexpand=false vexpand=false
[QuillUI GTK] stateful initial type=StatusKit.StatusRowHeaderView child=GtkBox hexpand=true vexpand=false
[QuillUI GTK] stateful initial type=StatusKit.StatusRowTextView child=GtkBox hexpand=true vexpand=false
[QuillUI GTK] stateful initial type=StatusKit.StatusRowTranslateView child=GtkBox hexpand=false vexpand=false
[QuillUI GTK] stateful initial type=StatusKit.StatusRowContentView child=GtkBox hexpand=true vexpand=false
[QuillUI GTK] state install type=StatusKit.StatusRowActionsView key=root::StatusKit.StatusesListView<Timeline.TimelineViewModel>#0::StatusKit.StatusRowView#6::StatusKit.StatusRowActionsView#0 providers=2 cached=false
[QuillUI GTK] sheet bool presented=false activeKey=swift-sheet-SwiftOpenUI.SheetModifierView<SwiftOpenUI.FixedSizeView<SwiftOpenUI.VStack<SwiftOpenUI.HStack<SwiftOpenUI.ViewList>>>, StatusKit.StatusRowSelectableTextView>-active
[QuillUI GTK] sheet bool presented=false activeKey=swift-sheet-SwiftOpenUI.SheetModifierView<SwiftOpenUI.SheetModifierView<SwiftOpenUI.FixedSizeView<SwiftOpenUI.VStack<SwiftOpenUI.HStack<SwiftOpenUI.ViewList>>>, StatusKit.StatusRowSelectableTextView>, StatusKit.StatusRowShareAsImageView>-active
[QuillUI GTK] stateful initial type=StatusKit.StatusRowActionsView child=GtkBox hexpand=true vexpand=false
[QuillUI GTK] sheet bool presented=false activeKey=swift-sheet-SwiftOpenUI.SheetModifierView<SwiftOpenUI.AnyView, StatusKit.StatusRowSelectableTextView>-active
[QuillUI GTK] stateful initial type=StatusKit.StatusRowView child=GtkOverlay hexpand=true vexpand=true
[QuillUI GTK] state install type=StatusKit.StatusRowView key=root::StatusKit.StatusesListView<Timeline.TimelineViewModel>#0::StatusKit.StatusRowView#7 providers=4 cached=false
[QuillUI GTK] stateful initial type=StatusKit.StatusRowTagView child=GtkBox hexpand=false vexpand=false
[QuillUI GTK] state install type=SwiftOpenUI.AsyncImage key=root::SwiftOpenUI.AsyncImage#0 providers=2 cached=true
[QuillUI GTK] state forward type=AsyncImagePhase
[QuillUI GTK] state forward type=Bool
[QuillUI GTK] stateful initial type=SwiftOpenUI.AsyncImage child=GtkBox hexpand=false vexpand=false
[QuillUI GTK] stateful initial type=DesignSystem.AvatarImage child=GtkBox hexpand=false vexpand=false
[QuillUI GTK] stateful initial type=DesignSystem.AvatarView child=GtkFixed hexpand=false vexpand=false
[QuillUI GTK] stateful initial type=StatusKit.StatusRowHeaderView child=GtkBox hexpand=true vexpand=false
[QuillUI GTK] stateful initial type=StatusKit.StatusRowTextView child=GtkBox hexpand=true vexpand=false
[QuillUI GTK] stateful initial type=StatusKit.StatusRowTranslateView child=GtkBox hexpand=false vexpand=false
[QuillUI GTK] stateful initial type=StatusKit.StatusRowContentView child=GtkBox hexpand=true vexpand=false
[QuillUI GTK] state install type=StatusKit.StatusRowActionsView key=root::StatusKit.StatusesListView<Timeline.TimelineViewModel>#0::StatusKit.StatusRowView#7::StatusKit.StatusRowActionsView#0 providers=2 cached=false
[QuillUI GTK] sheet bool presented=false activeKey=swift-sheet-SwiftOpenUI.SheetModifierView<SwiftOpenUI.FixedSizeView<SwiftOpenUI.VStack<SwiftOpenUI.HStack<SwiftOpenUI.ViewList>>>, StatusKit.StatusRowSelectableTextView>-active
[QuillUI GTK] sheet bool presented=false activeKey=swift-sheet-SwiftOpenUI.SheetModifierView<SwiftOpenUI.SheetModifierView<SwiftOpenUI.FixedSizeView<SwiftOpenUI.VStack<SwiftOpenUI.HStack<SwiftOpenUI.ViewList>>>, StatusKit.StatusRowSelectableTextView>, StatusKit.StatusRowShareAsImageView>-active
[QuillUI GTK] stateful initial type=StatusKit.StatusRowActionsView child=GtkBox hexpand=true vexpand=false
[QuillUI GTK] sheet bool presented=false activeKey=swift-sheet-SwiftOpenUI.SheetModifierView<SwiftOpenUI.AnyView, StatusKit.StatusRowSelectableTextView>-active
[QuillUI GTK] stateful initial type=StatusKit.StatusRowView child=GtkOverlay hexpand=true vexpand=true
[QuillUI GTK] state install type=StatusKit.StatusRowView key=root::StatusKit.StatusesListView<Timeline.TimelineViewModel>#0::StatusKit.StatusRowView#8 providers=4 cached=false
[QuillUI GTK] stateful initial type=StatusKit.StatusRowTagView child=GtkBox hexpand=false vexpand=false
[QuillUI GTK] state install type=SwiftOpenUI.AsyncImage key=root::SwiftOpenUI.AsyncImage#0 providers=2 cached=true
[QuillUI GTK] state forward type=AsyncImagePhase
[QuillUI GTK] state forward type=Bool
[QuillUI GTK] stateful initial type=SwiftOpenUI.AsyncImage child=GtkBox hexpand=false vexpand=false
[QuillUI GTK] stateful initial type=DesignSystem.AvatarImage child=GtkBox hexpand=false vexpand=false
[QuillUI GTK] stateful initial type=DesignSystem.AvatarView child=GtkFixed hexpand=false vexpand=false
[QuillUI GTK] stateful initial type=StatusKit.StatusRowHeaderView child=GtkBox hexpand=true vexpand=false
[QuillUI GTK] stateful initial type=StatusKit.StatusRowTextView child=GtkBox hexpand=true vexpand=false
[QuillUI GTK] stateful initial type=StatusKit.StatusRowTranslateView child=GtkBox hexpand=false vexpand=false
[QuillUI GTK] stateful initial type=StatusKit.StatusRowContentView child=GtkBox hexpand=true vexpand=false
[QuillUI GTK] state install type=StatusKit.StatusRowActionsView key=root::StatusKit.StatusesListView<Timeline.TimelineViewModel>#0::StatusKit.StatusRowView#8::StatusKit.StatusRowActionsView#0 providers=2 cached=false
[QuillUI GTK] sheet bool presented=false activeKey=swift-sheet-SwiftOpenUI.SheetModifierView<SwiftOpenUI.FixedSizeView<SwiftOpenUI.VStack<SwiftOpenUI.HStack<SwiftOpenUI.ViewList>>>, StatusKit.StatusRowSelectableTextView>-active
[QuillUI GTK] sheet bool presented=false activeKey=swift-sheet-SwiftOpenUI.SheetModifierView<SwiftOpenUI.SheetModifierView<SwiftOpenUI.FixedSizeView<SwiftOpenUI.VStack<SwiftOpenUI.HStack<SwiftOpenUI.ViewList>>>, StatusKit.StatusRowSelectableTextView>, StatusKit.StatusRowShareAsImageView>-active
[QuillUI GTK] stateful initial type=StatusKit.StatusRowActionsView child=GtkBox hexpand=true vexpand=false
[QuillUI GTK] sheet bool presented=false activeKey=swift-sheet-SwiftOpenUI.SheetModifierView<SwiftOpenUI.AnyView, StatusKit.StatusRowSelectableTextView>-active
[QuillUI GTK] stateful initial type=StatusKit.StatusRowView child=GtkOverlay hexpand=true vexpand=true
[QuillUI GTK] state install type=StatusKit.StatusRowView key=root::StatusKit.StatusesListView<Timeline.TimelineViewModel>#0::StatusKit.StatusRowView#9 providers=4 cached=false
[QuillUI GTK] stateful initial type=StatusKit.StatusRowTagView child=GtkBox hexpand=false vexpand=false
[QuillUI GTK] state install type=SwiftOpenUI.AsyncImage key=root::SwiftOpenUI.AsyncImage#0 providers=2 cached=true
[QuillUI GTK] state forward type=AsyncImagePhase
[QuillUI GTK] state forward type=Bool
[QuillUI GTK] stateful initial type=SwiftOpenUI.AsyncImage child=GtkBox hexpand=false vexpand=false
[QuillUI GTK] stateful initial type=DesignSystem.AvatarImage child=GtkBox hexpand=false vexpand=false
[QuillUI GTK] stateful initial type=DesignSystem.AvatarView child=GtkFixed hexpand=false vexpand=false
[QuillUI GTK] stateful initial type=StatusKit.StatusRowHeaderView child=GtkBox hexpand=true vexpand=false
[QuillUI GTK] stateful initial type=StatusKit.StatusRowTextView child=GtkBox hexpand=true vexpand=false
[QuillUI GTK] stateful initial type=StatusKit.StatusRowTranslateView child=GtkBox hexpand=false vexpand=false
[QuillUI GTK] stateful initial type=StatusKit.StatusRowContentView child=GtkBox hexpand=true vexpand=false
[QuillUI GTK] state install type=StatusKit.StatusRowActionsView key=root::StatusKit.StatusesListView<Timeline.TimelineViewModel>#0::StatusKit.StatusRowView#9::StatusKit.StatusRowActionsView#0 providers=2 cached=false
[QuillUI GTK] sheet bool presented=false activeKey=swift-sheet-SwiftOpenUI.SheetModifierView<SwiftOpenUI.FixedSizeView<SwiftOpenUI.VStack<SwiftOpenUI.HStack<SwiftOpenUI.ViewList>>>, StatusKit.StatusRowSelectableTextView>-active
[QuillUI GTK] sheet bool presented=false activeKey=swift-sheet-SwiftOpenUI.SheetModifierView<SwiftOpenUI.SheetModifierView<SwiftOpenUI.FixedSizeView<SwiftOpenUI.VStack<SwiftOpenUI.HStack<SwiftOpenUI.ViewList>>>, StatusKit.StatusRowSelectableTextView>, StatusKit.StatusRowShareAsImageView>-active
[QuillUI GTK] stateful initial type=StatusKit.StatusRowActionsView child=GtkBox hexpand=true vexpand=false
[QuillUI GTK] sheet bool presented=false activeKey=swift-sheet-SwiftOpenUI.SheetModifierView<SwiftOpenUI.AnyView, StatusKit.StatusRowSelectableTextView>-active
[QuillUI GTK] stateful initial type=StatusKit.StatusRowView child=GtkOverlay hexpand=true vexpand=true
[QuillUI GTK] stateful initial type=StatusKit.StatusesListView<Timeline.TimelineViewModel> child=GtkBox hexpand=true vexpand=true
[QuillUI GTK] stateful initial type=Timeline.TimelineListView child=GtkBox hexpand=true vexpand=true
[QuillUI GTK] state install type=Timeline.TimelineUnreadStatusesView key=root::IceCubesLinuxApp.AppView#0::IceCubesLinuxApp.TimelineTab#0::Timeline.TimelineView#0::Timeline.TimelineUnreadStatusesView#0 providers=1 cached=false
[QuillUI GTK] stateful initial type=Timeline.TimelineUnreadStatusesView child=GtkBox hexpand=true vexpand=true
[QuillUI GTK] stateful initial type=Timeline.TimelineView child=GtkOverlay hexpand=true vexpand=true
[QuillUI GTK] stateful initial type=IceCubesLinuxApp.TimelineTab child=GtkOverlay hexpand=false vexpand=false
[QuillUI GTK] stateful initial type=DesignSystem.ToastOverlayView child=GtkBox hexpand=true vexpand=true
[QuillUI GTK] TabView add id=settings title=<empty> content=SwiftOpenUI.OverlayView<SwiftOpenUI._ConditionalView<SwiftOpenUI._ConditionalView<SwiftOpenUI._ConditionalView<SwiftOpenUI._ConditionalView<SwiftOpenUI._ConditionalView<IceCubesLinuxApp.(unknown context at $aaaadc3d26d0).TimelineFilterTab, IceCubesLinuxApp.TimelineTab>, SwiftOpenUI._ConditionalView<IceCubesLinuxApp.TimelineTab, IceCubesLinuxApp.TimelineTab>>, SwiftOpenUI._ConditionalView<SwiftOpenUI._ConditionalView<IceCubesLinuxApp.TimelineTab, IceCubesLinuxApp.NotificationsTab>, SwiftOpenUI._ConditionalView<IceCubesLinuxApp.NotificationsTab, IceCubesLinuxApp.ExploreTab>>>, SwiftOpenUI._ConditionalView<SwiftOpenUI._ConditionalView<SwiftOpenUI._ConditionalView<IceCubesLinuxApp.MessagesTab, IceCubesLinuxApp.SettingsTabs>, SwiftOpenUI._ConditionalView<IceCubesLinuxApp.ProfileTab, IceCubesLinuxApp.NavigationTab<IceCubesAccount.AccountStatusesListView>>>, SwiftOpenUI._ConditionalView<SwiftOpenUI._ConditionalView<IceCubesLinuxApp.NavigationTab<IceCubesAccount.AccountStatusesListView>, IceCubesLinuxApp.NavigationTab<IceCubesAccount.AccountMetricsView>>, SwiftOpenUI._ConditionalView<IceCubesLinuxApp.NavigationTab<IceCubesAccount.FollowedTagsListView>, IceCubesLinuxApp.NavigationTab<IceCubesAccount.ListsListView>>>>>, SwiftOpenUI._ConditionalView<SwiftOpenUI._ConditionalView<IceCubesLinuxApp.NavigationTab<Explore.TrendingLinksListView>, SwiftOpenUI.VStack<SwiftOpenUI.EmptyView>>, SwiftOpenUI.EmptyView>>, DesignSystem.ToastOverlayView>
[QuillUI GTK] state install type=IceCubesLinuxApp.SettingsTabs key=root::IceCubesLinuxApp.AppView#0::IceCubesLinuxApp.SettingsTabs#0 providers=6 cached=false
[QuillUI GTK] sheet bool presented=false activeKey=swift-sheet-SwiftOpenUI.SheetModifierView<SwiftOpenUI.Button<SwiftOpenUI.Label<SwiftOpenUI.Text, SwiftOpenUI.Image>>, IceCubesLinuxApp.AddAccountView>-active
[QuillUI GTK] stateful initial type=IceCubesLinuxApp.SettingsTabs child=GtkOverlay hexpand=false vexpand=false
[QuillUI GTK] stateful initial type=DesignSystem.ToastOverlayView child=GtkBox hexpand=true vexpand=true
[QuillUI GTK] stateful initial type=IceCubesLinuxApp.AppView child=GtkBox hexpand=true vexpand=true
[QuillUI GTK] state set type=Bool forwarded=true
[QuillUI GTK] state set type=Bool forwarded=true
[QuillUI GTK] state set type=Bool forwarded=true
[QuillUI GTK] state set type=Bool forwarded=true
[QuillUI GTK] state set type=Bool forwarded=true
[QuillUI GTK] state set type=Bool forwarded=true
[QuillUI GTK] state set type=Bool forwarded=true
[QuillUI GTK] state set type=Bool forwarded=true
[QuillUI GTK] state set type=Bool forwarded=true
[QuillUI GTK] state set type=Bool forwarded=false
[QuillUI GTK] state set type=ColorScheme forwarded=false
[QuillUI GTK] state set type=Color forwarded=false
[QuillUI GTK] state set type=Color forwarded=false
[QuillUI GTK] state set type=Color forwarded=false
[QuillUI GTK] state set type=Color forwarded=false
[QuillUI GTK] state set type=ColorSetName forwarded=false
[QuillUI GTK] state set type=Bool forwarded=false
[QuillUI GTK] defer WindowGroup title=WindowDestinationEditor
[QuillUI GTK] defer WindowGroup title=WindowDestinationMedia
[QuillUI GTK] state set type=Bool forwarded=false
[QuillUI GTK] state set type=TimelineFilter forwarded=false
[QuillUI GTK] state set type=AsyncImagePhase forwarded=true
[QuillUI GTK] state set type=AsyncImagePhase forwarded=true
[QuillUI GTK] state set type=AsyncImagePhase forwarded=true
[QuillUI GTK] state set type=AsyncImagePhase forwarded=true
[QuillUI GTK] state set type=AsyncImagePhase forwarded=true
[QuillUI GTK] state set type=AsyncImagePhase forwarded=true
[QuillUI GTK] state set type=AsyncImagePhase forwarded=true
[QuillUI GTK] state set type=AsyncImagePhase forwarded=true
[QuillUI GTK] state set type=AsyncImagePhase forwarded=true
[QuillUI GTK] state set type=AsyncImagePhase forwarded=false
[QuillUI GTK] state install type=Timeline.TimelineView key=root::IceCubesLinuxApp.AppView#0::IceCubesLinuxApp.TimelineTab#0::Timeline.TimelineView#0 providers=4 cached=true
[QuillUI GTK] state forward type=TimelineViewModel
[QuillUI GTK] state forward type=TimelineContentFilter
[QuillUI GTK] state forward type=Optional<String>
[QuillUI GTK] state forward type=Bool
[QuillUI GTK] stateful initial type=Timeline.TimelineTagGroupheaderView child=GtkBox hexpand=false vexpand=false
[QuillUI GTK] state install type=Timeline.TimelineTagHeaderView key=root::Timeline.TimelineTagHeaderView#0 providers=1 cached=true
[QuillUI GTK] state forward type=Bool
[QuillUI GTK] stateful initial type=Timeline.TimelineTagHeaderView child=GtkBox hexpand=false vexpand=false
[QuillUI GTK] state install type=StatusKit.StatusesListView<Timeline.TimelineViewModel> key=root::StatusKit.StatusesListView<Timeline.TimelineViewModel>#0 providers=1 cached=true
[QuillUI GTK] state forward type=TimelineViewModel
[QuillUI GTK] state install type=StatusKit.StatusRowView key=root::StatusKit.StatusesListView<Timeline.TimelineViewModel>#0::StatusKit.StatusRowView#0 providers=4 cached=true
[QuillUI GTK] state forward type=Bool
[QuillUI GTK] state forward type=Bool
[QuillUI GTK] state forward type=Bool
[QuillUI GTK] state forward type=StatusRowViewModel
[QuillUI GTK] stateful initial type=StatusKit.StatusRowTagView child=GtkBox hexpand=false vexpand=false
[QuillUI GTK] state install type=SwiftOpenUI.AsyncImage key=root::SwiftOpenUI.AsyncImage#0 providers=2 cached=true
[QuillUI GTK] state forward type=AsyncImagePhase
[QuillUI GTK] state forward type=Bool
[QuillUI GTK] stateful initial type=SwiftOpenUI.AsyncImage child=GtkOverlay hexpand=false vexpand=false
[QuillUI GTK] stateful initial type=DesignSystem.AvatarImage child=GtkBox hexpand=false vexpand=false
[QuillUI GTK] stateful initial type=DesignSystem.AvatarView child=GtkFixed hexpand=false vexpand=false
[QuillUI GTK] stateful initial type=StatusKit.StatusRowHeaderView child=GtkBox hexpand=true vexpand=false
[QuillUI GTK] stateful initial type=StatusKit.StatusRowTextView child=GtkBox hexpand=true vexpand=false
[QuillUI GTK] stateful initial type=StatusKit.StatusRowTranslateView child=GtkBox hexpand=false vexpand=false
[QuillUI GTK] stateful initial type=StatusKit.StatusRowContentView child=GtkBox hexpand=true vexpand=false
[QuillUI GTK] state install type=StatusKit.StatusRowActionsView key=root::StatusKit.StatusesListView<Timeline.TimelineViewModel>#0::StatusKit.StatusRowView#0::StatusKit.StatusRowActionsView#0 providers=2 cached=true
[QuillUI GTK] state forward type=Bool
[QuillUI GTK] state forward type=Bool
[QuillUI GTK] sheet bool presented=false activeKey=swift-sheet-SwiftOpenUI.SheetModifierView<SwiftOpenUI.FixedSizeView<SwiftOpenUI.VStack<SwiftOpenUI.HStack<SwiftOpenUI.ViewList>>>, StatusKit.StatusRowSelectableTextView>-active
[QuillUI GTK] sheet bool presented=false activeKey=swift-sheet-SwiftOpenUI.SheetModifierView<SwiftOpenUI.SheetModifierView<SwiftOpenUI.FixedSizeView<SwiftOpenUI.VStack<SwiftOpenUI.HStack<SwiftOpenUI.ViewList>>>, StatusKit.StatusRowSelectableTextView>, StatusKit.StatusRowShareAsImageView>-active
[QuillUI GTK] stateful initial type=StatusKit.StatusRowActionsView child=GtkBox hexpand=true vexpand=false
[QuillUI GTK] sheet bool presented=false activeKey=swift-sheet-SwiftOpenUI.SheetModifierView<SwiftOpenUI.AnyView, StatusKit.StatusRowSelectableTextView>-active
[QuillUI GTK] stateful initial type=StatusKit.StatusRowView child=GtkOverlay hexpand=true vexpand=true
[QuillUI GTK] state install type=StatusKit.StatusRowView key=root::StatusKit.StatusesListView<Timeline.TimelineViewModel>#0::StatusKit.StatusRowView#1 providers=4 cached=true
[QuillUI GTK] state forward type=Bool
[QuillUI GTK] state forward type=Bool
[QuillUI GTK] state forward type=Bool
[QuillUI GTK] state forward type=StatusRowViewModel
[QuillUI GTK] stateful initial type=StatusKit.StatusRowTagView child=GtkBox hexpand=false vexpand=false
[QuillUI GTK] state install type=SwiftOpenUI.AsyncImage key=root::SwiftOpenUI.AsyncImage#0 providers=2 cached=true
[QuillUI GTK] state forward type=AsyncImagePhase
[QuillUI GTK] state forward type=Bool
[QuillUI GTK] stateful initial type=SwiftOpenUI.AsyncImage child=GtkOverlay hexpand=false vexpand=false
[QuillUI GTK] stateful initial type=DesignSystem.AvatarImage child=GtkBox hexpand=false vexpand=false
[QuillUI GTK] stateful initial type=DesignSystem.AvatarView child=GtkFixed hexpand=false vexpand=false
[QuillUI GTK] stateful initial type=StatusKit.StatusRowHeaderView child=GtkBox hexpand=true vexpand=false
[QuillUI GTK] stateful initial type=StatusKit.StatusRowTextView child=GtkBox hexpand=true vexpand=false
[QuillUI GTK] stateful initial type=StatusKit.StatusRowTranslateView child=GtkBox hexpand=false vexpand=false
[QuillUI GTK] stateful initial type=StatusKit.StatusRowContentView child=GtkBox hexpand=true vexpand=false
[QuillUI GTK] state install type=StatusKit.StatusRowActionsView key=root::StatusKit.StatusesListView<Timeline.TimelineViewModel>#0::StatusKit.StatusRowView#1::StatusKit.StatusRowActionsView#0 providers=2 cached=true
[QuillUI GTK] state forward type=Bool
[QuillUI GTK] state forward type=Bool
[QuillUI GTK] sheet bool presented=false activeKey=swift-sheet-SwiftOpenUI.SheetModifierView<SwiftOpenUI.FixedSizeView<SwiftOpenUI.VStack<SwiftOpenUI.HStack<SwiftOpenUI.ViewList>>>, StatusKit.StatusRowSelectableTextView>-active
[QuillUI GTK] sheet bool presented=false activeKey=swift-sheet-SwiftOpenUI.SheetModifierView<SwiftOpenUI.SheetModifierView<SwiftOpenUI.FixedSizeView<SwiftOpenUI.VStack<SwiftOpenUI.HStack<SwiftOpenUI.ViewList>>>, StatusKit.StatusRowSelectableTextView>, StatusKit.StatusRowShareAsImageView>-active
[QuillUI GTK] stateful initial type=StatusKit.StatusRowActionsView child=GtkBox hexpand=true vexpand=false
[QuillUI GTK] sheet bool presented=false activeKey=swift-sheet-SwiftOpenUI.SheetModifierView<SwiftOpenUI.AnyView, StatusKit.StatusRowSelectableTextView>-active
[QuillUI GTK] stateful initial type=StatusKit.StatusRowView child=GtkOverlay hexpand=true vexpand=true
[QuillUI GTK] state install type=StatusKit.StatusRowView key=root::StatusKit.StatusesListView<Timeline.TimelineViewModel>#0::StatusKit.StatusRowView#2 providers=4 cached=true
[QuillUI GTK] state forward type=Bool
[QuillUI GTK] state forward type=Bool
[QuillUI GTK] state forward type=Bool
[QuillUI GTK] state forward type=StatusRowViewModel
[QuillUI GTK] stateful initial type=StatusKit.StatusRowTagView child=GtkBox hexpand=false vexpand=false
[QuillUI GTK] state install type=SwiftOpenUI.AsyncImage key=root::SwiftOpenUI.AsyncImage#0 providers=2 cached=true
[QuillUI GTK] state forward type=AsyncImagePhase
[QuillUI GTK] state forward type=Bool
[QuillUI GTK] stateful initial type=SwiftOpenUI.AsyncImage child=GtkOverlay hexpand=false vexpand=false
[QuillUI GTK] stateful initial type=DesignSystem.AvatarImage child=GtkBox hexpand=false vexpand=false
[QuillUI GTK] stateful initial type=DesignSystem.AvatarView child=GtkFixed hexpand=false vexpand=false
[QuillUI GTK] stateful initial type=StatusKit.StatusRowHeaderView child=GtkBox hexpand=true vexpand=false
[QuillUI GTK] stateful initial type=StatusKit.StatusRowTextView child=GtkBox hexpand=true vexpand=false
[QuillUI GTK] stateful initial type=StatusKit.StatusRowTranslateView child=GtkBox hexpand=false vexpand=false
[QuillUI GTK] stateful initial type=StatusKit.StatusRowContentView child=GtkBox hexpand=true vexpand=false
[QuillUI GTK] state install type=StatusKit.StatusRowActionsView key=root::StatusKit.StatusesListView<Timeline.TimelineViewModel>#0::StatusKit.StatusRowView#2::StatusKit.StatusRowActionsView#0 providers=2 cached=true
[QuillUI GTK] state forward type=Bool
[QuillUI GTK] state forward type=Bool
[QuillUI GTK] sheet bool presented=false activeKey=swift-sheet-SwiftOpenUI.SheetModifierView<SwiftOpenUI.FixedSizeView<SwiftOpenUI.VStack<SwiftOpenUI.HStack<SwiftOpenUI.ViewList>>>, StatusKit.StatusRowSelectableTextView>-active
[QuillUI GTK] sheet bool presented=false activeKey=swift-sheet-SwiftOpenUI.SheetModifierView<SwiftOpenUI.SheetModifierView<SwiftOpenUI.FixedSizeView<SwiftOpenUI.VStack<SwiftOpenUI.HStack<SwiftOpenUI.ViewList>>>, StatusKit.StatusRowSelectableTextView>, StatusKit.StatusRowShareAsImageView>-active
[QuillUI GTK] stateful initial type=StatusKit.StatusRowActionsView child=GtkBox hexpand=true vexpand=false
[QuillUI GTK] sheet bool presented=false activeKey=swift-sheet-SwiftOpenUI.SheetModifierView<SwiftOpenUI.AnyView, StatusKit.StatusRowSelectableTextView>-active
[QuillUI GTK] stateful initial type=StatusKit.StatusRowView child=GtkOverlay hexpand=true vexpand=true
[QuillUI GTK] state install type=StatusKit.StatusRowView key=root::StatusKit.StatusesListView<Timeline.TimelineViewModel>#0::StatusKit.StatusRowView#3 providers=4 cached=true
[QuillUI GTK] state forward type=Bool
[QuillUI GTK] state forward type=Bool
[QuillUI GTK] state forward type=Bool
[QuillUI GTK] state forward type=StatusRowViewModel
[QuillUI GTK] stateful initial type=StatusKit.StatusRowTagView child=GtkBox hexpand=false vexpand=false
[QuillUI GTK] state install type=SwiftOpenUI.AsyncImage key=root::SwiftOpenUI.AsyncImage#0 providers=2 cached=true
[QuillUI GTK] state forward type=AsyncImagePhase
[QuillUI GTK] state forward type=Bool
[QuillUI GTK] stateful initial type=SwiftOpenUI.AsyncImage child=GtkOverlay hexpand=false vexpand=false
[QuillUI GTK] stateful initial type=DesignSystem.AvatarImage child=GtkBox hexpand=false vexpand=false
[QuillUI GTK] stateful initial type=DesignSystem.AvatarView child=GtkFixed hexpand=false vexpand=false
[QuillUI GTK] stateful initial type=StatusKit.StatusRowHeaderView child=GtkBox hexpand=true vexpand=false
[QuillUI GTK] stateful initial type=StatusKit.StatusRowTextView child=GtkBox hexpand=true vexpand=false
[QuillUI GTK] stateful initial type=StatusKit.StatusRowTranslateView child=GtkBox hexpand=false vexpand=false
[QuillUI GTK] stateful initial type=StatusKit.StatusRowContentView child=GtkBox hexpand=true vexpand=false
[QuillUI GTK] state install type=StatusKit.StatusRowActionsView key=root::StatusKit.StatusesListView<Timeline.TimelineViewModel>#0::StatusKit.StatusRowView#3::StatusKit.StatusRowActionsView#0 providers=2 cached=true
[QuillUI GTK] state forward type=Bool
[QuillUI GTK] state forward type=Bool
[QuillUI GTK] sheet bool presented=false activeKey=swift-sheet-SwiftOpenUI.SheetModifierView<SwiftOpenUI.FixedSizeView<SwiftOpenUI.VStack<SwiftOpenUI.HStack<SwiftOpenUI.ViewList>>>, StatusKit.StatusRowSelectableTextView>-active
[QuillUI GTK] sheet bool presented=false activeKey=swift-sheet-SwiftOpenUI.SheetModifierView<SwiftOpenUI.SheetModifierView<SwiftOpenUI.FixedSizeView<SwiftOpenUI.VStack<SwiftOpenUI.HStack<SwiftOpenUI.ViewList>>>, StatusKit.StatusRowSelectableTextView>, StatusKit.StatusRowShareAsImageView>-active
[QuillUI GTK] stateful initial type=StatusKit.StatusRowActionsView child=GtkBox hexpand=true vexpand=false
[QuillUI GTK] sheet bool presented=false activeKey=swift-sheet-SwiftOpenUI.SheetModifierView<SwiftOpenUI.AnyView, StatusKit.StatusRowSelectableTextView>-active
[QuillUI GTK] stateful initial type=StatusKit.StatusRowView child=GtkOverlay hexpand=true vexpand=true
[QuillUI GTK] state install type=StatusKit.StatusRowView key=root::StatusKit.StatusesListView<Timeline.TimelineViewModel>#0::StatusKit.StatusRowView#4 providers=4 cached=true
[QuillUI GTK] state forward type=Bool
[QuillUI GTK] state forward type=Bool
[QuillUI GTK] state forward type=Bool
[QuillUI GTK] state forward type=StatusRowViewModel
[QuillUI GTK] stateful initial type=StatusKit.StatusRowTagView child=GtkBox hexpand=false vexpand=false
[QuillUI GTK] state install type=SwiftOpenUI.AsyncImage key=root::SwiftOpenUI.AsyncImage#0 providers=2 cached=true
[QuillUI GTK] state forward type=AsyncImagePhase
[QuillUI GTK] state forward type=Bool
[QuillUI GTK] stateful initial type=SwiftOpenUI.AsyncImage child=GtkOverlay hexpand=false vexpand=false
[QuillUI GTK] stateful initial type=DesignSystem.AvatarImage child=GtkBox hexpand=false vexpand=false
[QuillUI GTK] stateful initial type=DesignSystem.AvatarView child=GtkFixed hexpand=false vexpand=false
[QuillUI GTK] stateful initial type=StatusKit.StatusRowHeaderView child=GtkBox hexpand=true vexpand=false
[QuillUI GTK] stateful initial type=StatusKit.StatusRowTextView child=GtkBox hexpand=true vexpand=false
[QuillUI GTK] stateful initial type=StatusKit.StatusRowTranslateView child=GtkBox hexpand=false vexpand=false
[QuillUI GTK] stateful initial type=StatusKit.StatusRowContentView child=GtkBox hexpand=true vexpand=false
[QuillUI GTK] state install type=StatusKit.StatusRowActionsView key=root::StatusKit.StatusesListView<Timeline.TimelineViewModel>#0::StatusKit.StatusRowView#4::StatusKit.StatusRowActionsView#0 providers=2 cached=true
[QuillUI GTK] state forward type=Bool
[QuillUI GTK] state forward type=Bool
[QuillUI GTK] sheet bool presented=false activeKey=swift-sheet-SwiftOpenUI.SheetModifierView<SwiftOpenUI.FixedSizeView<SwiftOpenUI.VStack<SwiftOpenUI.HStack<SwiftOpenUI.ViewList>>>, StatusKit.StatusRowSelectableTextView>-active
[QuillUI GTK] sheet bool presented=false activeKey=swift-sheet-SwiftOpenUI.SheetModifierView<SwiftOpenUI.SheetModifierView<SwiftOpenUI.FixedSizeView<SwiftOpenUI.VStack<SwiftOpenUI.HStack<SwiftOpenUI.ViewList>>>, StatusKit.StatusRowSelectableTextView>, StatusKit.StatusRowShareAsImageView>-active
[QuillUI GTK] stateful initial type=StatusKit.StatusRowActionsView child=GtkBox hexpand=true vexpand=false
[QuillUI GTK] sheet bool presented=false activeKey=swift-sheet-SwiftOpenUI.SheetModifierView<SwiftOpenUI.AnyView, StatusKit.StatusRowSelectableTextView>-active
[QuillUI GTK] stateful initial type=StatusKit.StatusRowView child=GtkOverlay hexpand=true vexpand=true
[QuillUI GTK] state install type=StatusKit.StatusRowView key=root::StatusKit.StatusesListView<Timeline.TimelineViewModel>#0::StatusKit.StatusRowView#5 providers=4 cached=true
[QuillUI GTK] state forward type=Bool
[QuillUI GTK] state forward type=Bool
[QuillUI GTK] state forward type=Bool
[QuillUI GTK] state forward type=StatusRowViewModel
[QuillUI GTK] stateful initial type=StatusKit.StatusRowTagView child=GtkBox hexpand=false vexpand=false
[QuillUI GTK] state install type=SwiftOpenUI.AsyncImage key=root::SwiftOpenUI.AsyncImage#0 providers=2 cached=true
[QuillUI GTK] state forward type=AsyncImagePhase
[QuillUI GTK] state forward type=Bool
[QuillUI GTK] stateful initial type=SwiftOpenUI.AsyncImage child=GtkOverlay hexpand=false vexpand=false
[QuillUI GTK] stateful initial type=DesignSystem.AvatarImage child=GtkBox hexpand=false vexpand=false
[QuillUI GTK] stateful initial type=DesignSystem.AvatarView child=GtkFixed hexpand=false vexpand=false
[QuillUI GTK] stateful initial type=StatusKit.StatusRowHeaderView child=GtkBox hexpand=true vexpand=false
[QuillUI GTK] stateful initial type=StatusKit.StatusRowTextView child=GtkBox hexpand=true vexpand=false
[QuillUI GTK] stateful initial type=StatusKit.StatusRowTranslateView child=GtkBox hexpand=false vexpand=false
[QuillUI GTK] stateful initial type=StatusKit.StatusRowContentView child=GtkBox hexpand=true vexpand=false
[QuillUI GTK] state install type=StatusKit.StatusRowActionsView key=root::StatusKit.StatusesListView<Timeline.TimelineViewModel>#0::StatusKit.StatusRowView#5::StatusKit.StatusRowActionsView#0 providers=2 cached=true
[QuillUI GTK] state forward type=Bool
[QuillUI GTK] state forward type=Bool
[QuillUI GTK] sheet bool presented=false activeKey=swift-sheet-SwiftOpenUI.SheetModifierView<SwiftOpenUI.FixedSizeView<SwiftOpenUI.VStack<SwiftOpenUI.HStack<SwiftOpenUI.ViewList>>>, StatusKit.StatusRowSelectableTextView>-active
[QuillUI GTK] sheet bool presented=false activeKey=swift-sheet-SwiftOpenUI.SheetModifierView<SwiftOpenUI.SheetModifierView<SwiftOpenUI.FixedSizeView<SwiftOpenUI.VStack<SwiftOpenUI.HStack<SwiftOpenUI.ViewList>>>, StatusKit.StatusRowSelectableTextView>, StatusKit.StatusRowShareAsImageView>-active
[QuillUI GTK] stateful initial type=StatusKit.StatusRowActionsView child=GtkBox hexpand=true vexpand=false
[QuillUI GTK] sheet bool presented=false activeKey=swift-sheet-SwiftOpenUI.SheetModifierView<SwiftOpenUI.AnyView, StatusKit.StatusRowSelectableTextView>-active
[QuillUI GTK] stateful initial type=StatusKit.StatusRowView child=GtkOverlay hexpand=true vexpand=true
[QuillUI GTK] state install type=StatusKit.StatusRowView key=root::StatusKit.StatusesListView<Timeline.TimelineViewModel>#0::StatusKit.StatusRowView#6 providers=4 cached=true
[QuillUI GTK] state forward type=Bool
[QuillUI GTK] state forward type=Bool
[QuillUI GTK] state forward type=Bool
[QuillUI GTK] state forward type=StatusRowViewModel
[QuillUI GTK] stateful initial type=StatusKit.StatusRowTagView child=GtkBox hexpand=false vexpand=false
[QuillUI GTK] state install type=SwiftOpenUI.AsyncImage key=root::SwiftOpenUI.AsyncImage#0 providers=2 cached=true
[QuillUI GTK] state forward type=AsyncImagePhase
[QuillUI GTK] state forward type=Bool
[QuillUI GTK] stateful initial type=SwiftOpenUI.AsyncImage child=GtkOverlay hexpand=false vexpand=false
[QuillUI GTK] stateful initial type=DesignSystem.AvatarImage child=GtkBox hexpand=false vexpand=false
[QuillUI GTK] stateful initial type=DesignSystem.AvatarView child=GtkFixed hexpand=false vexpand=false
[QuillUI GTK] stateful initial type=StatusKit.StatusRowHeaderView child=GtkBox hexpand=true vexpand=false
[QuillUI GTK] stateful initial type=StatusKit.StatusRowTextView child=GtkBox hexpand=true vexpand=false
[QuillUI GTK] stateful initial type=StatusKit.StatusRowTranslateView child=GtkBox hexpand=false vexpand=false
[QuillUI GTK] stateful initial type=StatusKit.StatusRowContentView child=GtkBox hexpand=true vexpand=false
[QuillUI GTK] state install type=StatusKit.StatusRowActionsView key=root::StatusKit.StatusesListView<Timeline.TimelineViewModel>#0::StatusKit.StatusRowView#6::StatusKit.StatusRowActionsView#0 providers=2 cached=true
[QuillUI GTK] state forward type=Bool
[QuillUI GTK] state forward type=Bool
[QuillUI GTK] sheet bool presented=false activeKey=swift-sheet-SwiftOpenUI.SheetModifierView<SwiftOpenUI.FixedSizeView<SwiftOpenUI.VStack<SwiftOpenUI.HStack<SwiftOpenUI.ViewList>>>, StatusKit.StatusRowSelectableTextView>-active
[QuillUI GTK] sheet bool presented=false activeKey=swift-sheet-SwiftOpenUI.SheetModifierView<SwiftOpenUI.SheetModifierView<SwiftOpenUI.FixedSizeView<SwiftOpenUI.VStack<SwiftOpenUI.HStack<SwiftOpenUI.ViewList>>>, StatusKit.StatusRowSelectableTextView>, StatusKit.StatusRowShareAsImageView>-active
[QuillUI GTK] stateful initial type=StatusKit.StatusRowActionsView child=GtkBox hexpand=true vexpand=false
[QuillUI GTK] sheet bool presented=false activeKey=swift-sheet-SwiftOpenUI.SheetModifierView<SwiftOpenUI.AnyView, StatusKit.StatusRowSelectableTextView>-active
[QuillUI GTK] stateful initial type=StatusKit.StatusRowView child=GtkOverlay hexpand=true vexpand=true
[QuillUI GTK] state install type=StatusKit.StatusRowView key=root::StatusKit.StatusesListView<Timeline.TimelineViewModel>#0::StatusKit.StatusRowView#7 providers=4 cached=true
[QuillUI GTK] state forward type=Bool
[QuillUI GTK] state forward type=Bool
[QuillUI GTK] state forward type=Bool
[QuillUI GTK] state forward type=StatusRowViewModel
[QuillUI GTK] stateful initial type=StatusKit.StatusRowTagView child=GtkBox hexpand=false vexpand=false
[QuillUI GTK] state install type=SwiftOpenUI.AsyncImage key=root::SwiftOpenUI.AsyncImage#0 providers=2 cached=true
[QuillUI GTK] state forward type=AsyncImagePhase
[QuillUI GTK] state forward type=Bool
[QuillUI GTK] stateful initial type=SwiftOpenUI.AsyncImage child=GtkOverlay hexpand=false vexpand=false
[QuillUI GTK] stateful initial type=DesignSystem.AvatarImage child=GtkBox hexpand=false vexpand=false
[QuillUI GTK] stateful initial type=DesignSystem.AvatarView child=GtkFixed hexpand=false vexpand=false
[QuillUI GTK] stateful initial type=StatusKit.StatusRowHeaderView child=GtkBox hexpand=true vexpand=false
[QuillUI GTK] stateful initial type=StatusKit.StatusRowTextView child=GtkBox hexpand=true vexpand=false
[QuillUI GTK] stateful initial type=StatusKit.StatusRowTranslateView child=GtkBox hexpand=false vexpand=false
[QuillUI GTK] stateful initial type=StatusKit.StatusRowContentView child=GtkBox hexpand=true vexpand=false
[QuillUI GTK] state install type=StatusKit.StatusRowActionsView key=root::StatusKit.StatusesListView<Timeline.TimelineViewModel>#0::StatusKit.StatusRowView#7::StatusKit.StatusRowActionsView#0 providers=2 cached=true
[QuillUI GTK] state forward type=Bool
[QuillUI GTK] state forward type=Bool
[QuillUI GTK] sheet bool presented=false activeKey=swift-sheet-SwiftOpenUI.SheetModifierView<SwiftOpenUI.FixedSizeView<SwiftOpenUI.VStack<SwiftOpenUI.HStack<SwiftOpenUI.ViewList>>>, StatusKit.StatusRowSelectableTextView>-active
[QuillUI GTK] sheet bool presented=false activeKey=swift-sheet-SwiftOpenUI.SheetModifierView<SwiftOpenUI.SheetModifierView<SwiftOpenUI.FixedSizeView<SwiftOpenUI.VStack<SwiftOpenUI.HStack<SwiftOpenUI.ViewList>>>, StatusKit.StatusRowSelectableTextView>, StatusKit.StatusRowShareAsImageView>-active
[QuillUI GTK] stateful initial type=StatusKit.StatusRowActionsView child=GtkBox hexpand=true vexpand=false
[QuillUI GTK] sheet bool presented=false activeKey=swift-sheet-SwiftOpenUI.SheetModifierView<SwiftOpenUI.AnyView, StatusKit.StatusRowSelectableTextView>-active
[QuillUI GTK] stateful initial type=StatusKit.StatusRowView child=GtkOverlay hexpand=true vexpand=true
[QuillUI GTK] state install type=StatusKit.StatusRowView key=root::StatusKit.StatusesListView<Timeline.TimelineViewModel>#0::StatusKit.StatusRowView#8 providers=4 cached=true
[QuillUI GTK] state forward type=Bool
[QuillUI GTK] state forward type=Bool
[QuillUI GTK] state forward type=Bool
[QuillUI GTK] state forward type=StatusRowViewModel
[QuillUI GTK] stateful initial type=StatusKit.StatusRowTagView child=GtkBox hexpand=false vexpand=false
[QuillUI GTK] state install type=SwiftOpenUI.AsyncImage key=root::SwiftOpenUI.AsyncImage#0 providers=2 cached=true
[QuillUI GTK] state forward type=AsyncImagePhase
[QuillUI GTK] state forward type=Bool
[QuillUI GTK] stateful initial type=SwiftOpenUI.AsyncImage child=GtkOverlay hexpand=false vexpand=false
[QuillUI GTK] stateful initial type=DesignSystem.AvatarImage child=GtkBox hexpand=false vexpand=false
[QuillUI GTK] stateful initial type=DesignSystem.AvatarView child=GtkFixed hexpand=false vexpand=false
[QuillUI GTK] stateful initial type=StatusKit.StatusRowHeaderView child=GtkBox hexpand=true vexpand=false
[QuillUI GTK] stateful initial type=StatusKit.StatusRowTextView child=GtkBox hexpand=true vexpand=false
[QuillUI GTK] stateful initial type=StatusKit.StatusRowTranslateView child=GtkBox hexpand=false vexpand=false
[QuillUI GTK] stateful initial type=StatusKit.StatusRowContentView child=GtkBox hexpand=true vexpand=false
[QuillUI GTK] state install type=StatusKit.StatusRowActionsView key=root::StatusKit.StatusesListView<Timeline.TimelineViewModel>#0::StatusKit.StatusRowView#8::StatusKit.StatusRowActionsView#0 providers=2 cached=true
[QuillUI GTK] state forward type=Bool
[QuillUI GTK] state forward type=Bool
[QuillUI GTK] sheet bool presented=false activeKey=swift-sheet-SwiftOpenUI.SheetModifierView<SwiftOpenUI.FixedSizeView<SwiftOpenUI.VStack<SwiftOpenUI.HStack<SwiftOpenUI.ViewList>>>, StatusKit.StatusRowSelectableTextView>-active
[QuillUI GTK] sheet bool presented=false activeKey=swift-sheet-SwiftOpenUI.SheetModifierView<SwiftOpenUI.SheetModifierView<SwiftOpenUI.FixedSizeView<SwiftOpenUI.VStack<SwiftOpenUI.HStack<SwiftOpenUI.ViewList>>>, StatusKit.StatusRowSelectableTextView>, StatusKit.StatusRowShareAsImageView>-active
[QuillUI GTK] stateful initial type=StatusKit.StatusRowActionsView child=GtkBox hexpand=true vexpand=false
[QuillUI GTK] sheet bool presented=false activeKey=swift-sheet-SwiftOpenUI.SheetModifierView<SwiftOpenUI.AnyView, StatusKit.StatusRowSelectableTextView>-active
[QuillUI GTK] stateful initial type=StatusKit.StatusRowView child=GtkOverlay hexpand=true vexpand=true
[QuillUI GTK] state install type=StatusKit.StatusRowView key=root::StatusKit.StatusesListView<Timeline.TimelineViewModel>#0::StatusKit.StatusRowView#9 providers=4 cached=true
[QuillUI GTK] state forward type=Bool
[QuillUI GTK] state forward type=Bool
[QuillUI GTK] state forward type=Bool
[QuillUI GTK] state forward type=StatusRowViewModel
[QuillUI GTK] stateful initial type=StatusKit.StatusRowTagView child=GtkBox hexpand=false vexpand=false
[QuillUI GTK] state install type=SwiftOpenUI.AsyncImage key=root::SwiftOpenUI.AsyncImage#0 providers=2 cached=true
[QuillUI GTK] state forward type=AsyncImagePhase
[QuillUI GTK] state forward type=Bool
[QuillUI GTK] stateful initial type=SwiftOpenUI.AsyncImage child=GtkOverlay hexpand=false vexpand=false
[QuillUI GTK] stateful initial type=DesignSystem.AvatarImage child=GtkBox hexpand=false vexpand=false
[QuillUI GTK] stateful initial type=DesignSystem.AvatarView child=GtkFixed hexpand=false vexpand=false
[QuillUI GTK] stateful initial type=StatusKit.StatusRowHeaderView child=GtkBox hexpand=true vexpand=false
[QuillUI GTK] stateful initial type=StatusKit.StatusRowTextView child=GtkBox hexpand=true vexpand=false
[QuillUI GTK] stateful initial type=StatusKit.StatusRowTranslateView child=GtkBox hexpand=false vexpand=false
[QuillUI GTK] stateful initial type=StatusKit.StatusRowContentView child=GtkBox hexpand=true vexpand=false
[QuillUI GTK] state install type=StatusKit.StatusRowActionsView key=root::StatusKit.StatusesListView<Timeline.TimelineViewModel>#0::StatusKit.StatusRowView#9::StatusKit.StatusRowActionsView#0 providers=2 cached=true
[QuillUI GTK] state forward type=Bool
[QuillUI GTK] state forward type=Bool
[QuillUI GTK] sheet bool presented=false activeKey=swift-sheet-SwiftOpenUI.SheetModifierView<SwiftOpenUI.FixedSizeView<SwiftOpenUI.VStack<SwiftOpenUI.HStack<SwiftOpenUI.ViewList>>>, StatusKit.StatusRowSelectableTextView>-active
[QuillUI GTK] sheet bool presented=false activeKey=swift-sheet-SwiftOpenUI.SheetModifierView<SwiftOpenUI.SheetModifierView<SwiftOpenUI.FixedSizeView<SwiftOpenUI.VStack<SwiftOpenUI.HStack<SwiftOpenUI.ViewList>>>, StatusKit.StatusRowSelectableTextView>, StatusKit.StatusRowShareAsImageView>-active
[QuillUI GTK] stateful initial type=StatusKit.StatusRowActionsView child=GtkBox hexpand=true vexpand=false
[QuillUI GTK] sheet bool presented=false activeKey=swift-sheet-SwiftOpenUI.SheetModifierView<SwiftOpenUI.AnyView, StatusKit.StatusRowSelectableTextView>-active
[QuillUI GTK] stateful initial type=StatusKit.StatusRowView child=GtkOverlay hexpand=true vexpand=true
[QuillUI GTK] stateful initial type=StatusKit.StatusesListView<Timeline.TimelineViewModel> child=GtkBox hexpand=true vexpand=true
[QuillUI GTK] stateful initial type=Timeline.TimelineListView child=GtkBox hexpand=true vexpand=true
[QuillUI GTK] stateful initial type=Timeline.TimelineView child=GtkOverlay hexpand=true vexpand=true
swift-runtime: failed to suspend thread 16 while processing a crash; backtraces will be missing information
swift-runtime: failed to suspend thread 24 while processing a crash; backtraces will be missing information
swift-runtime: failed to suspend thread 25 while processing a crash; backtraces will be missing information
swift-runtime: failed to suspend thread 26 while processing a crash; backtraces will be missing information
swift-runtime: failed to suspend thread 27 while processing a crash; backtraces will be missing information
swift-runtime: failed to suspend thread 28 while processing a crash; backtraces will be missing information
swift-runtime: failed to suspend thread 29 while processing a crash; backtraces will be missing information
swift-runtime: failed to suspend thread 30 while processing a crash; backtraces will be missing information
swift-runtime: failed to suspend thread 31 while processing a crash; backtraces will be missing information
swift-runtime: failed to suspend thread 32 while processing a crash; backtraces will be missing information
swift-runtime: failed to suspend thread 33 while processing a crash; backtraces will be missing information
swift-runtime: failed to suspend thread 34 while processing a crash; backtraces will be missing information
swift-runtime: failed to suspend thread 35 while processing a crash; backtraces will be missing information
swift-runtime: failed to suspend thread 36 while processing a crash; backtraces will be missing information
swift-runtime: failed to suspend thread 37 while processing a crash; backtraces will be missing information
swift-runtime: failed to suspend thread 38 while processing a crash; backtraces will be missing information
swift-runtime: failed to suspend thread 39 while processing a crash; backtraces will be missing information
swift-runtime: failed to suspend thread 40 while processing a crash; backtraces will be missing information
swift-runtime: failed to suspend thread 41 while processing a crash; backtraces will be missing information
swift-runtime: failed to suspend thread 42 while processing a crash; backtraces will be missing information
swift-runtime: failed to suspend thread 43 while processing a crash; backtraces will be missing information
swift-runtime: failed to suspend thread 44 while processing a crash; backtraces will be missing information
swift-runtime: failed to suspend thread 45 while processing a crash; backtraces will be missing information
swift-runtime: failed to suspend thread 46 while processing a crash; backtraces will be missing information
swift-runtime: failed to suspend thread 47 while processing a crash; backtraces will be missing information
swift-runtime: failed to suspend thread 48 while processing a crash; backtraces will be missing information
swift-runtime: failed to suspend thread 49 while processing a crash; backtraces will be missing information
swift-runtime: failed to suspend thread 50 while processing a crash; backtraces will be missing information
swift-runtime: failed to suspend thread 51 while processing a crash; backtraces will be missing information
swift-runtime: failed to suspend thread 52 while processing a crash; backtraces will be missing information
swift-runtime: failed to suspend thread 53 while processing a crash; backtraces will be missing information
swift-runtime: failed to suspend thread 54 while processing a crash; backtraces will be missing information
swift-runtime: failed to suspend thread 55 while processing a crash; backtraces will be missing information
swift-runtime: failed to suspend thread 56 while processing a crash; backtraces will be missing information
swift-runtime: failed to suspend thread 16 while processing a crash; backtraces will be missing information
swift-runtime: failed to suspend thread 24 while processing a crash; backtraces will be missing information
swift-runtime: failed to suspend thread 25 while processing a crash; backtraces will be missing information
swift-runtime: failed to suspend thread 26 while processing a crash; backtraces will be missing information
swift-runtime: failed to suspend thread 27 while processing a crash; backtraces will be missing information
swift-runtime: failed to suspend thread 28 while processing a crash; backtraces will be missing information
swift-runtime: failed to suspend thread 29 while processing a crash; backtraces will be missing information
swift-runtime: failed to suspend thread 30 while processing a crash; backtraces will be missing information
swift-runtime: failed to suspend thread 31 while processing a crash; backtraces will be missing information
swift-runtime: failed to suspend thread 32 while processing a crash; backtraces will be missing information
swift-runtime: failed to suspend thread 33 while processing a crash; backtraces will be missing information
swift-runtime: failed to suspend thread 34 while processing a crash; backtraces will be missing information
swift-runtime: failed to suspend thread 35 while processing a crash; backtraces will be missing information
swift-runtime: failed to suspend thread 36 while processing a crash; backtraces will be missing information
swift-runtime: failed to suspend thread 37 while processing a crash; backtraces will be missing information
swift-runtime: failed to suspend thread 38 while processing a crash; backtraces will be missing information
swift-runtime: failed to suspend thread 39 while processing a crash; backtraces will be missing information
swift-runtime: failed to suspend thread 40 while processing a crash; backtraces will be missing information
swift-runtime: failed to suspend thread 41 while processing a crash; backtraces will be missing information
swift-runtime: failed to suspend thread 42 while processing a crash; backtraces will be missing information
swift-runtime: failed to suspend thread 43 while processing a crash; backtraces will be missing information
swift-runtime: failed to suspend thread 44 while processing a crash; backtraces will be missing information
swift-runtime: failed to suspend thread 45 while processing a crash; backtraces will be missing information
swift-runtime: failed to suspend thread 46 while processing a crash; backtraces will be missing information
swift-runtime: failed to suspend thread 47 while processing a crash; backtraces will be missing information
swift-runtime: failed to suspend thread 48 while processing a crash; backtraces will be missing information
swift-runtime: failed to suspend thread 49 while processing a crash; backtraces will be missing information
swift-runtime: failed to suspend thread 50 while processing a crash; backtraces will be missing information
swift-runtime: failed to suspend thread 51 while processing a crash; backtraces will be missing information
swift-runtime: failed to suspend thread 52 while processing a crash; backtraces will be missing information
swift-runtime: failed to suspend thread 53 while processing a crash; backtraces will be missing information
swift-runtime: failed to suspend thread 54 while processing a crash; backtraces will be missing information
swift-runtime: failed to suspend thread 55 while processing a crash; backtraces will be missing information
swift-runtime: failed to suspend thread 56 while processing a crash; backtraces will be missing information

*** Signal 11: Backtracing from 0xffff831a7c84... done ***

*** Program crashed: Bad pointer dereference at 0x0000000000000052 ***

Platform: arm64 Linux (Ubuntu 24.04.4 LTS)

Thread 0 "icecubes-linux-" crashed:

  0               0x0000ffff831a7c84 swift::TargetMetadata<swift::InProcess>::allocateBoxForExistentialIn(swift::TargetValueBuffer<swift::InProcess>*) const + 20 in libswiftCore.so
  1 [ra]          0x0000ffff831da4c8 (anonymous namespace)::copyFieldContents(swift::OpaqueValue*, (anonymous namespace)::FieldType) + 55 in libswiftCore.so
  2 [ra]          0x0000ffff831d971c swift_reflectionMirror_subscript + 403 in libswiftCore.so
  3 [ra] [thunk]  0x0000ffff83035378 partial apply for closure #1 in Mirror.init(internalReflecting:subjectType:customAncestor:) + 71 in libswiftCore.so
  4 [ra]          0x0000ffff830c5724 LazyMapSequence.Iterator.next() + 363 in libswiftCore.so
  5 [ra]          0x0000ffff83092ec8 _IteratorBox.next() + 35 in libswiftCore.so
  6 [ra]          0x0000ffff8307d768 AnyIterator.next() + 27 in libswiftCore.so
  7 [ra] [system] 0x0000aaaad99e61b0 gtkExtractDismissalConfig(from:depth:) + 575 in icecubes-linux-app at /work/third_party/SwiftOpenUI/Sources/Backend/GTK4/Rendering/GTKRenderer.swift
  8 [ra]          0x0000aaaad99e6224 gtkExtractDismissalConfig(from:depth:) + 691 in icecubes-linux-app at /work/third_party/SwiftOpenUI/Sources/Backend/GTK4/Rendering/GTKRenderer.swift:3616:25
  9 [ra]          0x0000aaaad99e6224 gtkExtractDismissalConfig(from:depth:) + 691 in icecubes-linux-app at /work/third_party/SwiftOpenUI/Sources/Backend/GTK4/Rendering/GTKRenderer.swift:3616:25
 10 [ra]          0x0000aaaad99e6224 gtkExtractDismissalConfig(from:depth:) + 691 in icecubes-linux-app at /work/third_party/SwiftOpenUI/Sources/Backend/GTK4/Rendering/GTKRenderer.swift:3616:25
 11 [ra]          0x0000aaaad99e6224 gtkExtractDismissalConfig(from:depth:) + 691 in icecubes-linux-app at /work/third_party/SwiftOpenUI/Sources/Backend/GTK4/Rendering/GTKRenderer.swift:3616:25
 12 [ra]          0x0000aaaad99e6224 gtkExtractDismissalConfig(from:depth:) + 691 in icecubes-linux-app at /work/third_party/SwiftOpenUI/Sources/Backend/GTK4/Rendering/GTKRenderer.swift:3616:25
 13 [ra]          0x0000aaaad99e6224 gtkExtractDismissalConfig(from:depth:) + 691 in icecubes-linux-app at /work/third_party/SwiftOpenUI/Sources/Backend/GTK4/Rendering/GTKRenderer.swift:3616:25
 14 [ra]          0x0000aaaad99e6224 gtkExtractDismissalConfig(from:depth:) + 691 in icecubes-linux-app at /work/third_party/SwiftOpenUI/Sources/Backend/GTK4/Rendering/GTKRenderer.swift:3616:25
 15 [ra]          0x0000aaaad99e6224 gtkExtractDismissalConfig(from:depth:) + 691 in icecubes-linux-app at /work/third_party/SwiftOpenUI/Sources/Backend/GTK4/Rendering/GTKRenderer.swift:3616:25
 16 [ra]          0x0000aaaad99e6224 gtkExtractDismissalConfig(from:depth:) + 691 in icecubes-linux-app at /work/third_party/SwiftOpenUI/Sources/Backend/GTK4/Rendering/GTKRenderer.swift:3616:25
 17 [ra]          0x0000aaaad99e6224 gtkExtractDismissalConfig(from:depth:) + 691 in icecubes-linux-app at /work/third_party/SwiftOpenUI/Sources/Backend/GTK4/Rendering/GTKRenderer.swift:3616:25
 18 [ra]          0x0000aaaad99e6224 gtkExtractDismissalConfig(from:depth:) + 691 in icecubes-linux-app at /work/third_party/SwiftOpenUI/Sources/Backend/GTK4/Rendering/GTKRenderer.swift:3616:25
 19 [ra]          0x0000aaaad99e6224 gtkExtractDismissalConfig(from:depth:) + 691 in icecubes-linux-app at /work/third_party/SwiftOpenUI/Sources/Backend/GTK4/Rendering/GTKRenderer.swift:3616:25
 20 [ra]          0x0000aaaad99e6224 gtkExtractDismissalConfig(from:depth:) + 691 in icecubes-linux-app at /work/third_party/SwiftOpenUI/Sources/Backend/GTK4/Rendering/GTKRenderer.swift:3616:25
 21 [ra]          0x0000aaaad99e6224 gtkExtractDismissalConfig(from:depth:) + 691 in icecubes-linux-app at /work/third_party/SwiftOpenUI/Sources/Backend/GTK4/Rendering/GTKRenderer.swift:3616:25
 22 [ra]          0x0000aaaad99e6224 gtkExtractDismissalConfig(from:depth:) + 691 in icecubes-linux-app at /work/third_party/SwiftOpenUI/Sources/Backend/GTK4/Rendering/GTKRenderer.swift:3616:25
 23 [ra]          0x0000aaaad99e6224 gtkExtractDismissalConfig(from:depth:) + 691 in icecubes-linux-app at /work/third_party/SwiftOpenUI/Sources/Backend/GTK4/Rendering/GTKRenderer.swift:3616:25
 24 [ra]          0x0000aaaad99e6224 gtkExtractDismissalConfig(from:depth:) + 691 in icecubes-linux-app at /work/third_party/SwiftOpenUI/Sources/Backend/GTK4/Rendering/GTKRenderer.swift:3616:25
 25 [ra]          0x0000aaaad99e6224 gtkExtractDismissalConfig(from:depth:) + 691 in icecubes-linux-app at /work/third_party/SwiftOpenUI/Sources/Backend/GTK4/Rendering/GTKRenderer.swift:3616:25
 26 [ra]          0x0000aaaad99ebac4 ItemSheetModifierView.gtkCreateWidget() + 4007 in icecubes-linux-app at /work/third_party/SwiftOpenUI/Sources/Backend/GTK4/Rendering/GTKRenderer.swift:4282:39
 27 [ra] [thunk]  0x0000aaaad99acb3c protocol witness for GTKRenderable.gtkCreateWidget() in conformance ItemSheetModifierView<A, B, C> + 11 in icecubes-linux-app at //<compiler-generated>
 28 [ra]          0x0000aaaad99ce71c gtkRenderView<A>(_:) + 427 in icecubes-linux-app at /work/third_party/SwiftOpenUI/Sources/Backend/GTK4/Rendering/GTKRenderer.swift:441:27
 29 [ra]          0x0000aaaad99fe010 ToolbarView.gtkCreateWidget() + 119 in icecubes-linux-app at /work/third_party/SwiftOpenUI/Sources/Backend/GTK4/Rendering/GTKRenderer.swift:7094:9
 30 [ra] [thunk]  0x0000aaaad99bb8b8 protocol witness for GTKRenderable.gtkCreateWidget() in conformance ToolbarView<A> + 11 in icecubes-linux-app at //<compiler-generated>
 31 [ra]          0x0000aaaad99ce71c gtkRenderView<A>(_:) + 427 in icecubes-linux-app at /work/third_party/SwiftOpenUI/Sources/Backend/GTK4/Rendering/GTKRenderer.swift:441:27
 32 [ra]          0x0000aaaad99de670 IdView.gtkCreateWidget() + 215 in icecubes-linux-app at /work/third_party/SwiftOpenUI/Sources/Backend/GTK4/Rendering/GTKRenderer.swift:2737:39
 33 [ra] [thunk]  0x0000aaaad99a3d28 protocol witness for GTKRenderable.gtkCreateWidget() in conformance IdView<A, B> + 11 in icecubes-linux-app at //<compiler-generated>
 34 [ra]          0x0000aaaad99ce71c gtkRenderView<A>(_:) + 427 in icecubes-linux-app at /work/third_party/SwiftOpenUI/Sources/Backend/GTK4/Rendering/GTKRenderer.swift:441:27
 35 [ra]          0x0000aaaad9990724 NavigationStack.gtkCreateWidget() + 2363 in icecubes-linux-app at /work/third_party/SwiftOpenUI/Sources/Backend/GTK4/Rendering/GTKNavigation.swift:426:43
 36 [ra] [thunk]  0x0000aaaad9986084 protocol witness for GTKRenderable.gtkCreateWidget() in conformance NavigationStack<A> + 11 in icecubes-linux-app at //<compiler-generated>
 37 [ra]          0x0000aaaad99ce71c gtkRenderView<A>(_:) + 427 in icecubes-linux-app at /work/third_party/SwiftOpenUI/Sources/Backend/GTK4/Rendering/GTKRenderer.swift:441:27
 38 [ra]          0x0000aaaad99e581c OnAppearView.gtkCreateWidget() + 131 in icecubes-linux-app at /work/third_party/SwiftOpenUI/Sources/Backend/GTK4/Rendering/GTKRenderer.swift:3504:39
 39 [ra] [thunk]  0x0000aaaad99a76dc protocol witness for GTKRenderable.gtkCreateWidget() in conformance OnAppearView<A> + 11 in icecubes-linux-app at //<compiler-generated>
 40 [ra]          0x0000aaaad99ce71c gtkRenderView<A>(_:) + 427 in icecubes-linux-app at /work/third_party/SwiftOpenUI/Sources/Backend/GTK4/Rendering/GTKRenderer.swift:441:27
 41 [ra]          0x0000aaaad99e551c TaskView.gtkCreateWidget() + 271 in icecubes-linux-app at /work/third_party/SwiftOpenUI/Sources/Backend/GTK4/Rendering/GTKRenderer.swift:3481:39
 42 [ra] [thunk]  0x0000aaaad99a7494 protocol witness for GTKRenderable.gtkCreateWidget() in conformance TaskView<A> + 11 in icecubes-linux-app at //<compiler-generated>
 43 [ra]          0x0000aaaad99ce71c gtkRenderView<A>(_:) + 427 in icecubes-linux-app at /work/third_party/SwiftOpenUI/Sources/Backend/GTK4/Rendering/GTKRenderer.swift:441:27
 44 [ra]          0x0000aaaad99dfd90 OnChangeView.gtkCreateWidget() + 307 in icecubes-linux-app at /work/third_party/SwiftOpenUI/Sources/Backend/GTK4/Rendering/GTKRenderer.swift:2946:16
 45 [ra] [thunk]  0x0000aaaad99a4d4c protocol witness for GTKRenderable.gtkCreateWidget() in conformance OnChangeView<A, B> + 11 in icecubes-linux-app at //<compiler-generated>
 46 [ra]          0x0000aaaad99ce71c gtkRenderView<A>(_:) + 427 in icecubes-linux-app at /work/third_party/SwiftOpenUI/Sources/Backend/GTK4/Rendering/GTKRenderer.swift:441:27
...
 84 [ra] [thunk]  0x0000aaaad9a06140 partial apply for closure #1 in GTKViewHost.buildBodyWithTracking() + 27 in icecubes-linux-app at //<compiler-generated>
 85 [ra]          0x0000aaaada529234 withObservationTracking<A>(_:onChange:) + 63 in icecubes-linux-app at /work/Sources/Observation/Observation.swift:18:16
 86 [ra]          0x0000aaaad9a1343c GTKViewHost.buildBodyWithTracking() + 255 in icecubes-linux-app at /work/third_party/SwiftOpenUI/Sources/Backend/GTK4/Rendering/GTKViewHost.swift:344:13
 87 [ra]          0x0000aaaad9a14600 GTKViewHost.rebuild() + 4243 in icecubes-linux-app at /work/third_party/SwiftOpenUI/Sources/Backend/GTK4/Rendering/GTKViewHost.swift:497:22
 88 [ra]          0x0000aaaad9a05f18 closure #1 in GTKViewHost.scheduleRebuild() + 223 in icecubes-linux-app at /work/third_party/SwiftOpenUI/Sources/Backend/GTK4/Rendering/GTKViewHost.swift:287:18
 89 [ra] [thunk]  0x0000aaaad9a05f40 @objc closure #1 in GTKViewHost.scheduleRebuild() + 11 in icecubes-linux-app at //<compiler-generated>
 90 [ra]          0x0000ffff80dff7f0 <unknown> in libglib-2.0.so.0.8000.0
 91 [ra]          0x0000ffff80e61ae8 <unknown> in libglib-2.0.so.0.8000.0
 92 [ra]          0x0000ffff80dfebc8 <unknown> in libglib-2.0.so.0.8000.0
 93 [ra]          0x0000ffff810a88c0 <unknown> in libgio-2.0.so.0.8000.0
 94 [ra]          0x0000aaaad99527b8 GTK4Backend.run<A>(_:) + 571 in icecubes-linux-app at /work/third_party/SwiftOpenUI/Sources/Backend/GTK4/Rendering/GTK4Backend.swift:689:22
 95 [ra]          0x0000aaaadac29a38 static App.main() + 51 in icecubes-linux-app at /work/Sources/SwiftUIShim/AppRuntime.swift:7:23
 96 [ra] [system] 0x0000aaaada26eebc static IceCubesApp.$main() + 39 in icecubes-linux-app at //<compiler-generated>
 97 [ra] [system] 0x0000aaaada26f704 IceCubesLinuxApp_main + 11 in icecubes-linux-app at /work/.upstream/icecubes/IceCubesApp/App/Main/IceCubesApp.swift
 98 [ra]          0x0000ffff80bc84c4 <unknown> in libc.so.6
 99 [ra]          0x0000ffff80bc8598 <unknown> in libc.so.6
...


Registers:

 x0 0x0000aaaafcf18228  02 03 00 00 00 00 00 00 00 00 01 00 00 00 00 00  ················
 x1 0x0000ffffd2e95230  40 53 e9 d2 ff ff 00 00 1c 97 1d 83 ff ff 00 00  @SéÒÿÿ······ÿÿ··
 x2 0x0000000000000100  256
 x3 0x0000000000000001  1
 x4 0x0000000000000000  0
 x5 0x0000ffff8342a540  00 00 00 00 00 00 00 00 00 00 00 00 00 00 00 00  ················
 x6 0x0000ffffd2e93d28  00 00 00 00 00 00 00 00 00 00 00 00 ff ff 00 00  ············ÿÿ··
 x7 0x00000000000023f0  9200
 x8 0x0000000000000000  0
 x9 0x0000ffff829e03c8  10 00 00 00 00 00 00 00 90 17 19 83 ff ff 00 00  ············ÿÿ··
x10 0x0000000000000000  0
x11 0x0000000000000001  1
x12 0xe4b2126c478e1c7b  16479254242768329851
x13 0xd533cbed915bf83e  15362846975097305150
x14 0x9afe7fa592fe97a5  11168504475037898661
x15 0xa07f6fe99a1e6104  11565085417214468356
x16 0x0000000000000001  1
x17 0x0000ffff80c2a6f4  fd 7b bf a9 21 00 80 52 fd 03 00 91 fd 7b c1 a8  ý{¿©!··Rý···ý{Á¨
x18 0x343cc20940fedfd3  3764096733575831507
x19 0x0000ffffd2e95230  40 53 e9 d2 ff ff 00 00 1c 97 1d 83 ff ff 00 00  @SéÒÿÿ······ÿÿ··
x20 0x0000aaaafcf18228  02 03 00 00 00 00 00 00 00 00 01 00 00 00 00 00  ················
x21 0x0000fffeac010d40  90 24 01 ac fe ff 00 00 75 00 00 00 00 00 00 00  ·$·¬þÿ··u·······
x22 0x0000000000000100  256
x23 0x0000ffff83035330  ff 83 01 d1 fd 7b 03 a9 f5 23 00 f9 f4 4f 05 a9  ÿ··Ñý{·©õ#·ùôO·©
x24 0x0000ffffd2e953f0  00 00 00 00 00 00 00 00 00 56 0c 83 ff ff 00 00  ·········V··ÿÿ··
x25 0x0000ffffd2e95400  00 00 00 00 00 00 00 00 01 00 00 00 00 00 00 00  ················
x26 0x0000ffff82f167a8  fd 7b ba a9 fc 6f 01 a9 fd 03 00 91 fa 67 02 a9  ý{º©üo·©ý···úg·©
x27 0x0000ffff833381bc  68 99 ef ff ac ff ff ff 08 00 00 00 00 00 00 00  h·ïÿ¬ÿÿÿ········
x28 0x0000aaaafb3f55a8  00 02 00 00 00 00 00 00 c4 75 33 83 ff ff 00 00  ········Äu3·ÿÿ··
 fp 0x0000ffffd2e95210  50 52 e9 d2 ff ff 00 00 c8 a4 1d 83 ff ff 00 00  PRéÒÿÿ··È¤··ÿÿ··
 lr 0x0000ffff831da4c8  88 02 40 f9 1f 11 0c f1 c1 01 00 54 e1 03 14 aa  ··@ù···ñÁ··Tá··ª
 sp 0x0000ffffd2e95210  50 52 e9 d2 ff ff 00 00 c8 a4 1d 83 ff ff 00 00  PRéÒÿÿ··È¤··ÿÿ··
 pc 0x0000ffff831a7c84  08 49 41 39 88 00 08 36 82 b3 ff 97 60 02 00 f9  ·IA9···6·³ÿ·`··ù


Images (131 omitted):

0x0000aaaad9750000–0x0000aaaadc272a98 70672ce052577fcf7c98207a43df46ab4db67f61 icecubes-linux-app      /work/.build-icecubes-app/aarch64-unknown-linux-gnu/debug/icecubes-linux-app
0x0000ffff80ba0000–0x0000ffff80d39ec1 d5ef86dde36cbd3289566cf5098226035d76f2e1 libc.so.6               /usr/lib/aarch64-linux-gnu/libc.so.6
0x0000ffff80da0000–0x0000ffff80ef663c d0e89b6e877018ef77a15d9f851c171759683b8d libglib-2.0.so.0.8000.0 /usr/lib/aarch64-linux-gnu/libglib-2.0.so.0.8000.0
0x0000ffff80fb0000–0x0000ffff8119ca58 1363827da40208e4222b77ccaf6814bee84fd293 libgio-2.0.so.0.8000.0  /usr/lib/aarch64-linux-gnu/libgio-2.0.so.0.8000.0
0x0000ffff82da0000–0x0000ffff832def30 2ac0969a342ebc2a5e967e327bd1ecbf7f550a28 libswiftCore.so         /usr/lib/swift/linux/libswiftCore.so

Backtrace took 2.60s

