libEGL warning: DRI3 error: Could not get DRI3 device
libEGL warning: Ensure your X server supports DRI3 to get accelerated rendering
[QuillUI GTK] state install type=IceCubesLinuxApp.AppView key=root::IceCubesLinuxApp.AppView#0 providers=6 cached=false
[QuillUI GTK] TabView render tabs=2 initial=nil
[QuillUI GTK] TabView add id=timeline title=<empty> content=SwiftOpenUI.OverlayView<SwiftOpenUI._ConditionalView<SwiftOpenUI._ConditionalView<SwiftOpenUI._ConditionalView<SwiftOpenUI._ConditionalView<SwiftOpenUI._ConditionalView<IceCubesLinuxApp.(unknown context at $aaaac88526d0).TimelineFilterTab, IceCubesLinuxApp.TimelineTab>, SwiftOpenUI._ConditionalView<IceCubesLinuxApp.TimelineTab, IceCubesLinuxApp.TimelineTab>>, SwiftOpenUI._ConditionalView<SwiftOpenUI._ConditionalView<IceCubesLinuxApp.TimelineTab, IceCubesLinuxApp.NotificationsTab>, SwiftOpenUI._ConditionalView<IceCubesLinuxApp.NotificationsTab, IceCubesLinuxApp.ExploreTab>>>, SwiftOpenUI._ConditionalView<SwiftOpenUI._ConditionalView<SwiftOpenUI._ConditionalView<IceCubesLinuxApp.MessagesTab, IceCubesLinuxApp.SettingsTabs>, SwiftOpenUI._ConditionalView<IceCubesLinuxApp.ProfileTab, IceCubesLinuxApp.NavigationTab<IceCubesAccount.AccountStatusesListView>>>, SwiftOpenUI._ConditionalView<SwiftOpenUI._ConditionalView<IceCubesLinuxApp.NavigationTab<IceCubesAccount.AccountStatusesListView>, IceCubesLinuxApp.NavigationTab<IceCubesAccount.AccountMetricsView>>, SwiftOpenUI._ConditionalView<IceCubesLinuxApp.NavigationTab<IceCubesAccount.FollowedTagsListView>, IceCubesLinuxApp.NavigationTab<IceCubesAccount.ListsListView>>>>>, SwiftOpenUI._ConditionalView<SwiftOpenUI._ConditionalView<IceCubesLinuxApp.NavigationTab<Explore.TrendingLinksListView>, SwiftOpenUI.VStack<SwiftOpenUI.EmptyView>>, SwiftOpenUI.EmptyView>>, DesignSystem.ToastOverlayView>
[QuillUI GTK] state install type=IceCubesLinuxApp.TimelineTab key=root::IceCubesLinuxApp.AppView#0::IceCubesLinuxApp.TimelineTab#0 providers=6 cached=false
[QuillUI GTK] state install type=Timeline.TimelineView key=root::IceCubesLinuxApp.AppView#0::IceCubesLinuxApp.TimelineTab#0::Timeline.TimelineView#0 providers=4 cached=false
swift-runtime: failed to suspend thread 16 while processing a crash; backtraces will be missing information
swift-runtime: failed to suspend thread 24 while processing a crash; backtraces will be missing information
swift-runtime: failed to suspend thread 25 while processing a crash; backtraces will be missing information
swift-runtime: failed to suspend thread 26 while processing a crash; backtraces will be missing information
swift-runtime: failed to suspend thread 27 while processing a crash; backtraces will be missing information
swift-runtime: failed to suspend thread 28 while processing a crash; backtraces will be missing information
swift-runtime: failed to suspend thread 29 while processing a crash; backtraces will be missing information
swift-runtime: failed to suspend thread 30 while processing a crash; backtraces will be missing information
swift-runtime: failed to suspend thread 31 while processing a crash; backtraces will be missing information
swift-runtime: failed to suspend thread 32 while processing a crash; backtraces will be missing information
swift-runtime: failed to suspend thread 33 while processing a crash; backtraces will be missing information
swift-runtime: failed to suspend thread 34 while processing a crash; backtraces will be missing information
swift-runtime: failed to suspend thread 35 while processing a crash; backtraces will be missing information
swift-runtime: failed to suspend thread 36 while processing a crash; backtraces will be missing information
swift-runtime: failed to suspend thread 37 while processing a crash; backtraces will be missing information
swift-runtime: failed to suspend thread 38 while processing a crash; backtraces will be missing information
swift-runtime: failed to suspend thread 39 while processing a crash; backtraces will be missing information
swift-runtime: failed to suspend thread 40 while processing a crash; backtraces will be missing information
swift-runtime: failed to suspend thread 41 while processing a crash; backtraces will be missing information
swift-runtime: failed to suspend thread 42 while processing a crash; backtraces will be missing information
swift-runtime: failed to suspend thread 43 while processing a crash; backtraces will be missing information
swift-runtime: failed to suspend thread 44 while processing a crash; backtraces will be missing information
swift-runtime: failed to suspend thread 45 while processing a crash; backtraces will be missing information
swift-runtime: failed to suspend thread 46 while processing a crash; backtraces will be missing information
swift-runtime: failed to suspend thread 47 while processing a crash; backtraces will be missing information
swift-runtime: failed to suspend thread 48 while processing a crash; backtraces will be missing information
swift-runtime: failed to suspend thread 49 while processing a crash; backtraces will be missing information
swift-runtime: failed to suspend thread 50 while processing a crash; backtraces will be missing information
swift-runtime: failed to suspend thread 51 while processing a crash; backtraces will be missing information
swift-runtime: failed to suspend thread 52 while processing a crash; backtraces will be missing information
swift-runtime: failed to suspend thread 53 while processing a crash; backtraces will be missing information
swift-runtime: failed to suspend thread 54 while processing a crash; backtraces will be missing information
swift-runtime: failed to suspend thread 55 while processing a crash; backtraces will be missing information
swift-runtime: failed to suspend thread 56 while processing a crash; backtraces will be missing information
swift-runtime: failed to suspend thread 16 while processing a crash; backtraces will be missing information
swift-runtime: failed to suspend thread 24 while processing a crash; backtraces will be missing information
swift-runtime: failed to suspend thread 25 while processing a crash; backtraces will be missing information
swift-runtime: failed to suspend thread 26 while processing a crash; backtraces will be missing information
swift-runtime: failed to suspend thread 27 while processing a crash; backtraces will be missing information
swift-runtime: failed to suspend thread 28 while processing a crash; backtraces will be missing information
swift-runtime: failed to suspend thread 29 while processing a crash; backtraces will be missing information
swift-runtime: failed to suspend thread 30 while processing a crash; backtraces will be missing information
swift-runtime: failed to suspend thread 31 while processing a crash; backtraces will be missing information
swift-runtime: failed to suspend thread 32 while processing a crash; backtraces will be missing information
swift-runtime: failed to suspend thread 33 while processing a crash; backtraces will be missing information
swift-runtime: failed to suspend thread 34 while processing a crash; backtraces will be missing information
swift-runtime: failed to suspend thread 35 while processing a crash; backtraces will be missing information
swift-runtime: failed to suspend thread 36 while processing a crash; backtraces will be missing information
swift-runtime: failed to suspend thread 37 while processing a crash; backtraces will be missing information
swift-runtime: failed to suspend thread 38 while processing a crash; backtraces will be missing information
swift-runtime: failed to suspend thread 39 while processing a crash; backtraces will be missing information
swift-runtime: failed to suspend thread 40 while processing a crash; backtraces will be missing information
swift-runtime: failed to suspend thread 41 while processing a crash; backtraces will be missing information
swift-runtime: failed to suspend thread 42 while processing a crash; backtraces will be missing information
swift-runtime: failed to suspend thread 43 while processing a crash; backtraces will be missing information
swift-runtime: failed to suspend thread 44 while processing a crash; backtraces will be missing information
swift-runtime: failed to suspend thread 45 while processing a crash; backtraces will be missing information
swift-runtime: failed to suspend thread 46 while processing a crash; backtraces will be missing information
swift-runtime: failed to suspend thread 47 while processing a crash; backtraces will be missing information
swift-runtime: failed to suspend thread 48 while processing a crash; backtraces will be missing information
swift-runtime: failed to suspend thread 49 while processing a crash; backtraces will be missing information
swift-runtime: failed to suspend thread 50 while processing a crash; backtraces will be missing information
swift-runtime: failed to suspend thread 51 while processing a crash; backtraces will be missing information
swift-runtime: failed to suspend thread 52 while processing a crash; backtraces will be missing information
swift-runtime: failed to suspend thread 53 while processing a crash; backtraces will be missing information
swift-runtime: failed to suspend thread 54 while processing a crash; backtraces will be missing information
swift-runtime: failed to suspend thread 55 while processing a crash; backtraces will be missing information
swift-runtime: failed to suspend thread 56 while processing a crash; backtraces will be missing information

*** Signal 11: Backtracing from 0xffffb7b0e2ec... done ***

*** Program crashed: Bad pointer dereference at 0x0000000000000010 ***

Platform: arm64 Linux (Ubuntu 24.04.4 LTS)

Thread 0 "icecubes-linux-" crashed:

  0               0x0000ffffb7b0e2ec Array.count.getter in libswiftCore.so
  1 [ra]          0x0000ffffb7b0f738 Collection.isEmpty.getter + 143 in libswiftCore.so
  2 [ra]          0x0000aaaac6e77ef8 QuillLocalizationStore.format(_:arguments:) + 139 in icecubes-linux-app at /work/third_party/SwiftOpenUI/Sources/SwiftOpenUI/Localization.swift:120:26
  3 [ra]          0x0000aaaac6e7b258 QuillLocalizationStore.resolve(_:arguments:) + 455 in icecubes-linux-app at /work/third_party/SwiftOpenUI/Sources/SwiftOpenUI/Localization.swift:17:20
  4 [ra]          0x0000aaaac6e7b8ec quillResolveLocalizedString(_:arguments:) + 87 in icecubes-linux-app at /work/third_party/SwiftOpenUI/Sources/SwiftOpenUI/Localization.swift:135:35
  5 [ra]          0x0000aaaac6b8663c LocalizedStringKey.resolved.getter + 87 in icecubes-linux-app at /work/Sources/QuillSwiftUICompatibility/DesignSystemSurfaceCompat.swift:147:9
  6 [ra] [thunk]  0x0000aaaac6b87064 Text.init(_:) + 75 in icecubes-linux-app at /work/Sources/QuillSwiftUICompatibility/DesignSystemSurfaceCompat.swift:186:23
  7 [ra]          0x0000aaaac70f01ec closure #1 in closure #1 in TimelineToolbarTitleView.body.getter + 2303 in icecubes-linux-app at /work/.upstream/icecubes/Packages/Timeline/Sources/Timeline/View/TimelineToolbarTitleView.swift:27:11
  8 [ra] [thunk]  0x0000aaaac6eb42e4 VStack.init(alignment:spacing:content:) + 223 in icecubes-linux-app at /work/third_party/SwiftOpenUI/Sources/SwiftOpenUI/Views/Stacks.swift:29:24
  9 [ra]          0x0000aaaac70ef4a4 closure #1 in TimelineToolbarTitleView.body.getter + 215 in icecubes-linux-app at /work/.upstream/icecubes/Packages/Timeline/Sources/Timeline/View/TimelineToolbarTitleView.swift:12:7
 10 [ra] [thunk]  0x0000aaaac6ecc60c ToolbarItem.init(placement:content:) + 203 in icecubes-linux-app at /work/third_party/SwiftOpenUI/Sources/SwiftOpenUI/Modifiers/ToolbarModifier.swift:139:24
 11 [ra]          0x0000aaaac70f20f8 TimelineToolbarTitleView.body.getter + 171 in icecubes-linux-app at /work/.upstream/icecubes/Packages/Timeline/Sources/Timeline/View/TimelineToolbarTitleView.swift:11:5
 12 [ra] [thunk]  0x0000aaaac70f1224 protocol witness for ToolbarContent.body.getter in conformance TimelineToolbarTitleView + 51 in icecubes-linux-app at //<compiler-generated>
 13 [ra]          0x0000aaaac6ecc134 flattenToolbarContent<A>(_:) + 407 in icecubes-linux-app at /work/third_party/SwiftOpenUI/Sources/SwiftOpenUI/Modifiers/ToolbarModifier.swift:58:46
 14 [ra]          0x0000aaaac6ecc414 static ToolbarContentBuilder.buildExpression<A>(_:) + 35 in icecubes-linux-app at /work/third_party/SwiftOpenUI/Sources/SwiftOpenUI/Modifiers/ToolbarModifier.swift:89:36
 15 [ra] [system] 0x0000aaaac70fc0e8 closure #2 in TimelineView.timelineView.getter + 283 in icecubes-linux-app at /work/.upstream/icecubes/Packages/Timeline/Sources/Timeline/View/TimelineView.swift
 16 [ra]          0x0000aaaac6ecd5cc View.toolbar<A>(content:) + 191 in icecubes-linux-app at /work/third_party/SwiftOpenUI/Sources/SwiftOpenUI/Modifiers/ToolbarModifier.swift:212:30
 17 [ra]          0x0000aaaac70f8e5c TimelineView.timelineView.getter + 307 in icecubes-linux-app at /work/.upstream/icecubes/Packages/Timeline/Sources/Timeline/View/TimelineView.swift:93:6
 18 [ra]          0x0000aaaac7105708 TimelineView.body.getter + 99 in icecubes-linux-app at /work/.upstream/icecubes/Packages/Timeline/Sources/Timeline/View/TimelineView.swift:52:7
 19 [ra] [thunk]  0x0000aaaac7100ae0 protocol witness for View.body.getter in conformance TimelineView + 51 in icecubes-linux-app at //<compiler-generated>
 20 [ra]          0x0000aaaac5e3bfa0 closure #1 in gtkRenderStatefulView<A>(_:) + 147 in icecubes-linux-app at /work/third_party/SwiftOpenUI/Sources/Backend/GTK4/Rendering/GTKRenderer.swift:7771:28
 21 [ra]          0x0000aaaac5e85838 closure #1 in GTKViewHost.buildBodyWithTracking() + 83 in icecubes-linux-app at /work/third_party/SwiftOpenUI/Sources/Backend/GTK4/Rendering/GTKViewHost.swift:346:26
 22 [ra] [thunk]  0x0000aaaac5e8587c partial apply for closure #1 in GTKViewHost.buildBodyWithTracking() + 27 in icecubes-linux-app at //<compiler-generated>
 23 [ra]          0x0000aaaac69aa5d0 withObservationTracking<A>(_:onChange:) + 63 in icecubes-linux-app at /work/Sources/Observation/Observation.swift:18:16
 24 [ra]          0x0000aaaac5e92b78 GTKViewHost.buildBodyWithTracking() + 255 in icecubes-linux-app at /work/third_party/SwiftOpenUI/Sources/Backend/GTK4/Rendering/GTKViewHost.swift:344:13
 25 [ra]          0x0000aaaac5e15524 gtkRenderStatefulView<A>(_:) + 639 in icecubes-linux-app at /work/third_party/SwiftOpenUI/Sources/Backend/GTK4/Rendering/GTKRenderer.swift:7782:23
 26 [ra]          0x0000aaaac5e4ba7c gtkRenderView<A>(_:) + 1387 in icecubes-linux-app at /work/third_party/SwiftOpenUI/Sources/Backend/GTK4/Rendering/GTKRenderer.swift:448:16
 27 [ra]          0x0000aaaac5e10508 NavigationDestinationModifier.gtkCreateWidget() + 571 in icecubes-linux-app at /work/third_party/SwiftOpenUI/Sources/Backend/GTK4/Rendering/GTKNavigation.swift:612:16
 28 [ra] [thunk]  0x0000aaaac5e068d0 protocol witness for GTKRenderable.gtkCreateWidget() in conformance NavigationDestinationModifier<A, B, C> + 11 in icecubes-linux-app at //<compiler-generated>
 29 [ra]          0x0000aaaac5e4b6bc gtkRenderView<A>(_:) + 427 in icecubes-linux-app at /work/third_party/SwiftOpenUI/Sources/Backend/GTK4/Rendering/GTKRenderer.swift:416:27
 30 [ra]          0x0000aaaac5e6763c ItemSheetModifierView.gtkCreateWidget() + 639 in icecubes-linux-app at /work/third_party/SwiftOpenUI/Sources/Backend/GTK4/Rendering/GTKRenderer.swift:4084:39
 31 [ra] [thunk]  0x0000aaaac5e2a2dc protocol witness for GTKRenderable.gtkCreateWidget() in conformance ItemSheetModifierView<A, B, C> + 11 in icecubes-linux-app at //<compiler-generated>
 32 [ra]          0x0000aaaac5e4b6bc gtkRenderView<A>(_:) + 427 in icecubes-linux-app at /work/third_party/SwiftOpenUI/Sources/Backend/GTK4/Rendering/GTKRenderer.swift:416:27
 33 [ra]          0x0000aaaac5e7d74c ToolbarView.gtkCreateWidget() + 119 in icecubes-linux-app at /work/third_party/SwiftOpenUI/Sources/Backend/GTK4/Rendering/GTKRenderer.swift:7254:9
 34 [ra] [thunk]  0x0000aaaac5e38fec protocol witness for GTKRenderable.gtkCreateWidget() in conformance ToolbarView<A> + 11 in icecubes-linux-app at //<compiler-generated>
 35 [ra]          0x0000aaaac5e4b6bc gtkRenderView<A>(_:) + 427 in icecubes-linux-app at /work/third_party/SwiftOpenUI/Sources/Backend/GTK4/Rendering/GTKRenderer.swift:416:27
 36 [ra]          0x0000aaaac5e5b230 IdView.gtkCreateWidget() + 215 in icecubes-linux-app at /work/third_party/SwiftOpenUI/Sources/Backend/GTK4/Rendering/GTKRenderer.swift:2649:39
 37 [ra] [thunk]  0x0000aaaac5e21e20 protocol witness for GTKRenderable.gtkCreateWidget() in conformance IdView<A, B> + 11 in icecubes-linux-app at //<compiler-generated>
 38 [ra]          0x0000aaaac5e4b6bc gtkRenderView<A>(_:) + 427 in icecubes-linux-app at /work/third_party/SwiftOpenUI/Sources/Backend/GTK4/Rendering/GTKRenderer.swift:416:27
 39 [ra]          0x0000aaaac5e0f2ec NavigationStack.gtkCreateWidget() + 2355 in icecubes-linux-app at /work/third_party/SwiftOpenUI/Sources/Backend/GTK4/Rendering/GTKNavigation.swift:416:43
 40 [ra] [thunk]  0x0000aaaac5e05554 protocol witness for GTKRenderable.gtkCreateWidget() in conformance NavigationStack<A> + 11 in icecubes-linux-app at //<compiler-generated>
 41 [ra]          0x0000aaaac5e4b6bc gtkRenderView<A>(_:) + 427 in icecubes-linux-app at /work/third_party/SwiftOpenUI/Sources/Backend/GTK4/Rendering/GTKRenderer.swift:416:27
 42 [ra]          0x0000aaaac5e623dc OnAppearView.gtkCreateWidget() + 131 in icecubes-linux-app at /work/third_party/SwiftOpenUI/Sources/Backend/GTK4/Rendering/GTKRenderer.swift:3416:39
 43 [ra] [thunk]  0x0000aaaac5e257d4 protocol witness for GTKRenderable.gtkCreateWidget() in conformance OnAppearView<A> + 11 in icecubes-linux-app at //<compiler-generated>
 44 [ra]          0x0000aaaac5e4b6bc gtkRenderView<A>(_:) + 427 in icecubes-linux-app at /work/third_party/SwiftOpenUI/Sources/Backend/GTK4/Rendering/GTKRenderer.swift:416:27
 45 [ra]          0x0000aaaac5e620dc TaskView.gtkCreateWidget() + 271 in icecubes-linux-app at /work/third_party/SwiftOpenUI/Sources/Backend/GTK4/Rendering/GTKRenderer.swift:3393:39
 46 [ra] [thunk]  0x0000aaaac5e2558c protocol witness for GTKRenderable.gtkCreateWidget() in conformance TaskView<A> + 11 in icecubes-linux-app at //<compiler-generated>
...
221 [ra]          0x0000aaaac5dcc278 closure #1 in GTK4Backend.run<A>(_:) + 379 in icecubes-linux-app at /work/third_party/SwiftOpenUI/Sources/Backend/GTK4/Rendering/GTK4Backend.swift:661:13
222 [ra]          0x0000aaaac5dcc4d4 closure #2 in GTK4Backend.run<A>(_:) + 335 in icecubes-linux-app at /work/third_party/SwiftOpenUI/Sources/Backend/GTK4/Rendering/GTK4Backend.swift:670:21
223 [ra] [thunk]  0x0000aaaac5dcc500 @objc closure #2 in GTK4Backend.run<A>(_:) + 11 in icecubes-linux-app at //<compiler-generated>
224 [ra]          0x0000ffffb5a05914 <unknown> in libgobject-2.0.so.0.8000.0
225 [ra]          0x0000ffffb5a39ddc <unknown> in libgobject-2.0.so.0.8000.0
226 [ra]          0x0000ffffb5a27ef4 <unknown> in libgobject-2.0.so.0.8000.0
227 [ra]          0x0000ffffb5a28178 <unknown> in libgobject-2.0.so.0.8000.0
228 [ra]          0x0000ffffb5a28234 <unknown> in libgobject-2.0.so.0.8000.0
229 [ra]          0x0000ffffb5b7868c <unknown> in libgio-2.0.so.0.8000.0
230 [ra]          0x0000ffffb5b78824 <unknown> in libgio-2.0.so.0.8000.0
231 [ra]          0x0000aaaac5dd25f8 GTK4Backend.run<A>(_:) + 571 in icecubes-linux-app at /work/third_party/SwiftOpenUI/Sources/Backend/GTK4/Rendering/GTK4Backend.swift:689:22
232 [ra]          0x0000aaaac70a904c static App.main() + 51 in icecubes-linux-app at /work/Sources/SwiftUIShim/AppRuntime.swift:7:23
233 [ra] [system] 0x0000aaaac66f0140 static IceCubesApp.$main() + 39 in icecubes-linux-app at //<compiler-generated>
234 [ra] [system] 0x0000aaaac66f0988 IceCubesLinuxApp_main + 11 in icecubes-linux-app at /work/.upstream/icecubes/IceCubesApp/App/Main/IceCubesApp.swift
235 [ra]          0x0000ffffb56984c4 <unknown> in libc.so.6
236 [ra]          0x0000ffffb5698598 <unknown> in libc.so.6
...


Registers:

 x0 0x0000000000000000  0
 x1 0x0000ffffb7ef1840  b0 c0 df b7 ff ff 00 00 90 0d ef b7 ff ff 00 00  °Àß·ÿÿ····ï·ÿÿ··
 x2 0x0000ffffb7dd5f30  00 02 00 00 00 00 00 00 28 3c e0 b7 ff ff 00 00  ········(<à·ÿÿ··
 x3 0x0000ffffb7e04a1c  14 fd ef ff 26 fd ef ff 00 00 00 00 00 00 00 00  ·ýïÿ&ýïÿ········
 x4 0x0000ffffb7e04a44  07 00 00 00 00 00 00 00 07 00 00 00 23 fd ef ff  ············#ýïÿ
 x5 0x0000aaaae9924ea0  00 00 00 00 00 00 00 00 00 00 00 00 00 00 00 00  ················
 x6 0x01ce5eaa2f212bdd  130145524268477405
 x7 0x0000000100000003  4294967299
 x8 0x0000fffff6056790  10 69 05 f6 ff ff 00 00 61 0e 8c e9 aa aa 00 00  ·i·öÿÿ··a··éªª··
 x9 0x0000ffffb7b0b5f4  ca 00 fb 17 36 01 fb 17 35 9e fb 17 34 9e fb 17  Ê·û·6·û·5·û·4·û·
x10 0x357c324f763f6956  3854010697989974358
x11 0x572ca86177763af0  6281580716844530416
x12 0xb39905246727fabe  12941380658133465790
x13 0xcfd77eacecb6eb71  14976578367014759281
x14 0x1aeae17dfc7d6b5d  1939610520759659357
x15 0x8ba2e1a0d54056e9  10061852598387889897
x16 0x0000aaaac87903b8  a8 f6 b0 b7 ff ff 00 00 dc f6 48 b7 ff ff 00 00  ¨ö°·ÿÿ··ÜöH·ÿÿ··
x17 0x0000ffffb7b0f6a8  fd 7b bb a9 fa 67 01 a9 f8 5f 02 a9 f6 57 03 a9  ý{»©úg·©ø_·©öW·©
x18 0x0000000000000000  0
x19 0x0000fffff6056790  10 69 05 f6 ff ff 00 00 61 0e 8c e9 aa aa 00 00  ·i·öÿÿ··a··éªª··
x20 0x0000fffff6056998  00 00 00 00 00 00 00 00 10 73 85 e9 aa aa 00 00  ·········s·éªª··
x21 0x0000ffffb7ef1840  b0 c0 df b7 ff ff 00 00 90 0d ef b7 ff ff 00 00  °Àß·ÿÿ····ï·ÿÿ··
x22 0x0000ffffb7dd5f30  00 02 00 00 00 00 00 00 28 3c e0 b7 ff ff 00 00  ········(<à·ÿÿ··
x23 0x0000ffffb7e04a1c  14 fd ef ff 26 fd ef ff 00 00 00 00 00 00 00 00  ·ýïÿ&ýïÿ········
x24 0x0000fffff6056790  10 69 05 f6 ff ff 00 00 61 0e 8c e9 aa aa 00 00  ·i·öÿÿ··a··éªª··
x25 0x0000fffff6056780  00 00 00 00 00 00 00 00 7f 00 00 00 00 00 00 00  ················
x26 0x0000ffffb7ddd2a8  88 81 c6 b7 ff ff 00 00 94 81 c6 b7 ff ff 00 00  ··Æ·ÿÿ····Æ·ÿÿ··
x27 0x0000aaaae7b50380  05 00 00 00 00 00 00 00 00 00 00 00 00 00 00 00  ················
x28 0x0000ffffb5a45f50  68 61 6e 64 6c 65 72 5f 72 65 66 00 00 00 00 00  handler_ref·····
 fp 0x0000fffff6056760  a0 67 05 f6 ff ff 00 00 38 f7 b0 b7 ff ff 00 00   g·öÿÿ··8÷°·ÿÿ··
 lr 0x0000ffffb79cb934  60 02 00 f9 f3 0b 40 f9 fd 7b c2 a8 c0 03 5f d6  `··ùó·@ùý{Â¨À·_Ö
 sp 0x0000fffff6056760  a0 67 05 f6 ff ff 00 00 38 f7 b0 b7 ff ff 00 00   g·öÿÿ··8÷°·ÿÿ··
 pc 0x0000ffffb7b0e2ec  00 08 40 f9 c0 03 5f d6 fd 7b be a9 f5 4f 01 a9  ··@ùÀ·_Öý{¾©õO·©


Images (130 omitted):

0x0000aaaac5bd0000–0x0000aaaac86efb00 8abdaeead734d92948601447294d84533fb9cff3 icecubes-linux-app         /work/.build-icecubes-app/aarch64-unknown-linux-gnu/debug/icecubes-linux-app
0x0000ffffb5670000–0x0000ffffb5809ec1 d5ef86dde36cbd3289566cf5098226035d76f2e1 libc.so.6                  /usr/lib/aarch64-linux-gnu/libc.so.6
0x0000ffffb59f0000–0x0000ffffb5a57118 e55b57e7e21637d2dc1dc9a6f4be84d181d6f9ab libgobject-2.0.so.0.8000.0 /usr/lib/aarch64-linux-gnu/libgobject-2.0.so.0.8000.0
0x0000ffffb5a80000–0x0000ffffb5c6ca58 1363827da40208e4222b77ccaf6814bee84fd293 libgio-2.0.so.0.8000.0     /usr/lib/aarch64-linux-gnu/libgio-2.0.so.0.8000.0
0x0000ffffb7870000–0x0000ffffb7daef30 2ac0969a342ebc2a5e967e327bd1ecbf7f550a28 libswiftCore.so            /usr/lib/swift/linux/libswiftCore.so

Backtrace took 1.44s

