libEGL warning: DRI3 error: Could not get DRI3 device
libEGL warning: Ensure your X server supports DRI3 to get accelerated rendering
[QuillUI GTK] state install type=IceCubesLinuxApp.AppView key=root::IceCubesLinuxApp.AppView#0 providers=6 cached=false
[QuillUI GTK] TabView render tabs=2 initial=nil
[QuillUI GTK] TabView add id=timeline title=<empty> content=SwiftOpenUI.OverlayView<SwiftOpenUI._ConditionalView<SwiftOpenUI._ConditionalView<SwiftOpenUI._ConditionalView<SwiftOpenUI._ConditionalView<SwiftOpenUI._ConditionalView<IceCubesLinuxApp.(unknown context at $aaaaadef26d0).TimelineFilterTab, IceCubesLinuxApp.TimelineTab>, SwiftOpenUI._ConditionalView<IceCubesLinuxApp.TimelineTab, IceCubesLinuxApp.TimelineTab>>, SwiftOpenUI._ConditionalView<SwiftOpenUI._ConditionalView<IceCubesLinuxApp.TimelineTab, IceCubesLinuxApp.NotificationsTab>, SwiftOpenUI._ConditionalView<IceCubesLinuxApp.NotificationsTab, IceCubesLinuxApp.ExploreTab>>>, SwiftOpenUI._ConditionalView<SwiftOpenUI._ConditionalView<SwiftOpenUI._ConditionalView<IceCubesLinuxApp.MessagesTab, IceCubesLinuxApp.SettingsTabs>, SwiftOpenUI._ConditionalView<IceCubesLinuxApp.ProfileTab, IceCubesLinuxApp.NavigationTab<IceCubesAccount.AccountStatusesListView>>>, SwiftOpenUI._ConditionalView<SwiftOpenUI._ConditionalView<IceCubesLinuxApp.NavigationTab<IceCubesAccount.AccountStatusesListView>, IceCubesLinuxApp.NavigationTab<IceCubesAccount.AccountMetricsView>>, SwiftOpenUI._ConditionalView<IceCubesLinuxApp.NavigationTab<IceCubesAccount.FollowedTagsListView>, IceCubesLinuxApp.NavigationTab<IceCubesAccount.ListsListView>>>>>, SwiftOpenUI._ConditionalView<SwiftOpenUI._ConditionalView<IceCubesLinuxApp.NavigationTab<Explore.TrendingLinksListView>, SwiftOpenUI.VStack<SwiftOpenUI.EmptyView>>, SwiftOpenUI.EmptyView>>, DesignSystem.ToastOverlayView>
[QuillUI GTK] state install type=IceCubesLinuxApp.TimelineTab key=root::IceCubesLinuxApp.AppView#0::IceCubesLinuxApp.TimelineTab#0 providers=6 cached=false
[QuillUI GTK] state install type=Timeline.TimelineView key=root::IceCubesLinuxApp.AppView#0::IceCubesLinuxApp.TimelineTab#0::Timeline.TimelineView#0 providers=4 cached=false
swift-runtime: failed to suspend thread 16 while processing a crash; backtraces will be missing information
swift-runtime: failed to suspend thread 24 while processing a crash; backtraces will be missing information
swift-runtime: failed to suspend thread 25 while processing a crash; backtraces will be missing information
swift-runtime: failed to suspend thread 26 while processing a crash; backtraces will be missing information
swift-runtime: failed to suspend thread 27 while processing a crash; backtraces will be missing information
swift-runtime: failed to suspend thread 28 while processing a crash; backtraces will be missing information
swift-runtime: failed to suspend thread 29 while processing a crash; backtraces will be missing information
swift-runtime: failed to suspend thread 30 while processing a crash; backtraces will be missing information
swift-runtime: failed to suspend thread 31 while processing a crash; backtraces will be missing information
swift-runtime: failed to suspend thread 32 while processing a crash; backtraces will be missing information
swift-runtime: failed to suspend thread 33 while processing a crash; backtraces will be missing information
swift-runtime: failed to suspend thread 34 while processing a crash; backtraces will be missing information
swift-runtime: failed to suspend thread 35 while processing a crash; backtraces will be missing information
swift-runtime: failed to suspend thread 36 while processing a crash; backtraces will be missing information
swift-runtime: failed to suspend thread 37 while processing a crash; backtraces will be missing information
swift-runtime: failed to suspend thread 38 while processing a crash; backtraces will be missing information
swift-runtime: failed to suspend thread 39 while processing a crash; backtraces will be missing information
swift-runtime: failed to suspend thread 40 while processing a crash; backtraces will be missing information
swift-runtime: failed to suspend thread 41 while processing a crash; backtraces will be missing information
swift-runtime: failed to suspend thread 42 while processing a crash; backtraces will be missing information
swift-runtime: failed to suspend thread 43 while processing a crash; backtraces will be missing information
swift-runtime: failed to suspend thread 44 while processing a crash; backtraces will be missing information
swift-runtime: failed to suspend thread 45 while processing a crash; backtraces will be missing information
swift-runtime: failed to suspend thread 46 while processing a crash; backtraces will be missing information
swift-runtime: failed to suspend thread 47 while processing a crash; backtraces will be missing information
swift-runtime: failed to suspend thread 48 while processing a crash; backtraces will be missing information
swift-runtime: failed to suspend thread 49 while processing a crash; backtraces will be missing information
swift-runtime: failed to suspend thread 50 while processing a crash; backtraces will be missing information
swift-runtime: failed to suspend thread 51 while processing a crash; backtraces will be missing information
swift-runtime: failed to suspend thread 52 while processing a crash; backtraces will be missing information
swift-runtime: failed to suspend thread 53 while processing a crash; backtraces will be missing information
swift-runtime: failed to suspend thread 54 while processing a crash; backtraces will be missing information
swift-runtime: failed to suspend thread 55 while processing a crash; backtraces will be missing information
swift-runtime: failed to suspend thread 56 while processing a crash; backtraces will be missing information
swift-runtime: failed to suspend thread 16 while processing a crash; backtraces will be missing information
swift-runtime: failed to suspend thread 24 while processing a crash; backtraces will be missing information
swift-runtime: failed to suspend thread 25 while processing a crash; backtraces will be missing information
swift-runtime: failed to suspend thread 26 while processing a crash; backtraces will be missing information
swift-runtime: failed to suspend thread 27 while processing a crash; backtraces will be missing information
swift-runtime: failed to suspend thread 28 while processing a crash; backtraces will be missing information
swift-runtime: failed to suspend thread 29 while processing a crash; backtraces will be missing information
swift-runtime: failed to suspend thread 30 while processing a crash; backtraces will be missing information
swift-runtime: failed to suspend thread 31 while processing a crash; backtraces will be missing information
swift-runtime: failed to suspend thread 32 while processing a crash; backtraces will be missing information
swift-runtime: failed to suspend thread 33 while processing a crash; backtraces will be missing information
swift-runtime: failed to suspend thread 34 while processing a crash; backtraces will be missing information
swift-runtime: failed to suspend thread 35 while processing a crash; backtraces will be missing information
swift-runtime: failed to suspend thread 36 while processing a crash; backtraces will be missing information
swift-runtime: failed to suspend thread 37 while processing a crash; backtraces will be missing information
swift-runtime: failed to suspend thread 38 while processing a crash; backtraces will be missing information
swift-runtime: failed to suspend thread 39 while processing a crash; backtraces will be missing information
swift-runtime: failed to suspend thread 40 while processing a crash; backtraces will be missing information
swift-runtime: failed to suspend thread 41 while processing a crash; backtraces will be missing information
swift-runtime: failed to suspend thread 42 while processing a crash; backtraces will be missing information
swift-runtime: failed to suspend thread 43 while processing a crash; backtraces will be missing information
swift-runtime: failed to suspend thread 44 while processing a crash; backtraces will be missing information
swift-runtime: failed to suspend thread 45 while processing a crash; backtraces will be missing information
swift-runtime: failed to suspend thread 46 while processing a crash; backtraces will be missing information
swift-runtime: failed to suspend thread 47 while processing a crash; backtraces will be missing information
swift-runtime: failed to suspend thread 48 while processing a crash; backtraces will be missing information
swift-runtime: failed to suspend thread 49 while processing a crash; backtraces will be missing information
swift-runtime: failed to suspend thread 50 while processing a crash; backtraces will be missing information
swift-runtime: failed to suspend thread 51 while processing a crash; backtraces will be missing information
swift-runtime: failed to suspend thread 52 while processing a crash; backtraces will be missing information
swift-runtime: failed to suspend thread 53 while processing a crash; backtraces will be missing information
swift-runtime: failed to suspend thread 54 while processing a crash; backtraces will be missing information
swift-runtime: failed to suspend thread 55 while processing a crash; backtraces will be missing information
swift-runtime: failed to suspend thread 56 while processing a crash; backtraces will be missing information

*** Signal 11: Backtracing from 0xffff9499e2ec... done ***

*** Program crashed: Bad pointer dereference at 0x0000000000000010 ***

Platform: arm64 Linux (Ubuntu 24.04.4 LTS)

Thread 0 "icecubes-linux-" crashed:

  0               0x0000ffff9499e2ec Array.count.getter in libswiftCore.so
  1 [ra]          0x0000ffff9499f738 Collection.isEmpty.getter + 143 in libswiftCore.so
  2 [ra]          0x0000aaaaac511054 QuillLocalizationStore.format(_:arguments:) + 183 in icecubes-linux-app at /work/third_party/SwiftOpenUI/Sources/SwiftOpenUI/Localization.swift:192:26
  3 [ra]          0x0000aaaaac50dbf8 QuillLocalizationStore.format(_:arguments:) + 1735 in icecubes-linux-app at /work/third_party/SwiftOpenUI/Sources/SwiftOpenUI/Localization.swift:188:16
  4 [ra]          0x0000aaaaac5137a0 QuillLocalizationStore.resolve(_:arguments:) + 519 in icecubes-linux-app at /work/third_party/SwiftOpenUI/Sources/SwiftOpenUI/Localization.swift:30:20
  5 [ra]          0x0000aaaaac513ffc quillResolveLocalizedString(_:arguments:) + 87 in icecubes-linux-app at /work/third_party/SwiftOpenUI/Sources/SwiftOpenUI/Localization.swift:232:35
  6 [ra]          0x0000aaaaac21a9c4 LocalizedStringKey.resolved.getter + 87 in icecubes-linux-app at /work/Sources/QuillSwiftUICompatibility/DesignSystemSurfaceCompat.swift:147:9
  7 [ra] [thunk]  0x0000aaaaac21b338 Text.init(_:) + 75 in icecubes-linux-app at /work/Sources/QuillSwiftUICompatibility/DesignSystemSurfaceCompat.swift:185:23
  8 [ra]          0x0000aaaaac789bdc closure #1 in closure #1 in TimelineToolbarTitleView.body.getter + 2303 in icecubes-linux-app at /work/.upstream/icecubes/Packages/Timeline/Sources/Timeline/View/TimelineToolbarTitleView.swift:27:11
  9 [ra] [thunk]  0x0000aaaaac54d440 VStack.init(alignment:spacing:content:) + 223 in icecubes-linux-app at /work/third_party/SwiftOpenUI/Sources/SwiftOpenUI/Views/Stacks.swift:29:24
 10 [ra]          0x0000aaaaac788e94 closure #1 in TimelineToolbarTitleView.body.getter + 215 in icecubes-linux-app at /work/.upstream/icecubes/Packages/Timeline/Sources/Timeline/View/TimelineToolbarTitleView.swift:12:7
 11 [ra] [thunk]  0x0000aaaaac565990 ToolbarItem.init(placement:content:) + 203 in icecubes-linux-app at /work/third_party/SwiftOpenUI/Sources/SwiftOpenUI/Modifiers/ToolbarModifier.swift:139:24
 12 [ra]          0x0000aaaaac78bae8 TimelineToolbarTitleView.body.getter + 171 in icecubes-linux-app at /work/.upstream/icecubes/Packages/Timeline/Sources/Timeline/View/TimelineToolbarTitleView.swift:11:5
 13 [ra] [thunk]  0x0000aaaaac78ac14 protocol witness for ToolbarContent.body.getter in conformance TimelineToolbarTitleView + 51 in icecubes-linux-app at //<compiler-generated>
 14 [ra]          0x0000aaaaac5654b8 flattenToolbarContent<A>(_:) + 407 in icecubes-linux-app at /work/third_party/SwiftOpenUI/Sources/SwiftOpenUI/Modifiers/ToolbarModifier.swift:58:46
 15 [ra]          0x0000aaaaac565798 static ToolbarContentBuilder.buildExpression<A>(_:) + 35 in icecubes-linux-app at /work/third_party/SwiftOpenUI/Sources/SwiftOpenUI/Modifiers/ToolbarModifier.swift:89:36
 16 [ra] [system] 0x0000aaaaac795ad8 closure #2 in TimelineView.timelineView.getter + 283 in icecubes-linux-app at /work/.upstream/icecubes/Packages/Timeline/Sources/Timeline/View/TimelineView.swift
 17 [ra]          0x0000aaaaac566950 View.toolbar<A>(content:) + 191 in icecubes-linux-app at /work/third_party/SwiftOpenUI/Sources/SwiftOpenUI/Modifiers/ToolbarModifier.swift:212:30
 18 [ra]          0x0000aaaaac79284c TimelineView.timelineView.getter + 307 in icecubes-linux-app at /work/.upstream/icecubes/Packages/Timeline/Sources/Timeline/View/TimelineView.swift:93:6
 19 [ra]          0x0000aaaaac79f0f8 TimelineView.body.getter + 99 in icecubes-linux-app at /work/.upstream/icecubes/Packages/Timeline/Sources/Timeline/View/TimelineView.swift:52:7
 20 [ra] [thunk]  0x0000aaaaac79a4d0 protocol witness for View.body.getter in conformance TimelineView + 51 in icecubes-linux-app at //<compiler-generated>
 21 [ra]          0x0000aaaaab4cf4a0 closure #1 in gtkRenderStatefulView<A>(_:) + 147 in icecubes-linux-app at /work/third_party/SwiftOpenUI/Sources/Backend/GTK4/Rendering/GTKRenderer.swift:7611:28
 22 [ra]          0x0000aaaaab516ad4 closure #1 in GTKViewHost.buildBodyWithTracking() + 83 in icecubes-linux-app at /work/third_party/SwiftOpenUI/Sources/Backend/GTK4/Rendering/GTKViewHost.swift:346:26
 23 [ra] [thunk]  0x0000aaaaab516b18 partial apply for closure #1 in GTKViewHost.buildBodyWithTracking() + 27 in icecubes-linux-app at //<compiler-generated>
 24 [ra]          0x0000aaaaac03b890 withObservationTracking<A>(_:onChange:) + 63 in icecubes-linux-app at /work/Sources/Observation/Observation.swift:18:16
 25 [ra]          0x0000aaaaab523e14 GTKViewHost.buildBodyWithTracking() + 255 in icecubes-linux-app at /work/third_party/SwiftOpenUI/Sources/Backend/GTK4/Rendering/GTKViewHost.swift:344:13
 26 [ra]          0x0000aaaaab4a75f4 gtkRenderStatefulView<A>(_:) + 639 in icecubes-linux-app at /work/third_party/SwiftOpenUI/Sources/Backend/GTK4/Rendering/GTKRenderer.swift:7622:23
 27 [ra]          0x0000aaaaab4df710 gtkRenderView<A>(_:) + 1387 in icecubes-linux-app at /work/third_party/SwiftOpenUI/Sources/Backend/GTK4/Rendering/GTKRenderer.swift:473:16
 28 [ra]          0x0000aaaaab4a25e4 NavigationDestinationModifier.gtkCreateWidget() + 571 in icecubes-linux-app at /work/third_party/SwiftOpenUI/Sources/Backend/GTK4/Rendering/GTKNavigation.swift:638:16
 29 [ra] [thunk]  0x0000aaaaab497f00 protocol witness for GTKRenderable.gtkCreateWidget() in conformance NavigationDestinationModifier<A, B, C> + 11 in icecubes-linux-app at //<compiler-generated>
 30 [ra]          0x0000aaaaab4df350 gtkRenderView<A>(_:) + 427 in icecubes-linux-app at /work/third_party/SwiftOpenUI/Sources/Backend/GTK4/Rendering/GTKRenderer.swift:441:27
 31 [ra]          0x0000aaaaab4fb760 ItemSheetModifierView.gtkCreateWidget() + 619 in icecubes-linux-app at /work/third_party/SwiftOpenUI/Sources/Backend/GTK4/Rendering/GTKRenderer.swift:4196:39
 32 [ra] [thunk]  0x0000aaaaab4bd770 protocol witness for GTKRenderable.gtkCreateWidget() in conformance ItemSheetModifierView<A, B, C> + 11 in icecubes-linux-app at //<compiler-generated>
 33 [ra]          0x0000aaaaab4df350 gtkRenderView<A>(_:) + 427 in icecubes-linux-app at /work/third_party/SwiftOpenUI/Sources/Backend/GTK4/Rendering/GTKRenderer.swift:441:27
 34 [ra]          0x0000aaaaab50e9e8 ToolbarView.gtkCreateWidget() + 119 in icecubes-linux-app at /work/third_party/SwiftOpenUI/Sources/Backend/GTK4/Rendering/GTKRenderer.swift:7094:9
 35 [ra] [thunk]  0x0000aaaaab4cc4ec protocol witness for GTKRenderable.gtkCreateWidget() in conformance ToolbarView<A> + 11 in icecubes-linux-app at //<compiler-generated>
 36 [ra]          0x0000aaaaab4df350 gtkRenderView<A>(_:) + 427 in icecubes-linux-app at /work/third_party/SwiftOpenUI/Sources/Backend/GTK4/Rendering/GTKRenderer.swift:441:27
 37 [ra]          0x0000aaaaab4ef2a4 IdView.gtkCreateWidget() + 215 in icecubes-linux-app at /work/third_party/SwiftOpenUI/Sources/Backend/GTK4/Rendering/GTKRenderer.swift:2744:39
 38 [ra] [thunk]  0x0000aaaaab4b495c protocol witness for GTKRenderable.gtkCreateWidget() in conformance IdView<A, B> + 11 in icecubes-linux-app at //<compiler-generated>
 39 [ra]          0x0000aaaaab4df350 gtkRenderView<A>(_:) + 427 in icecubes-linux-app at /work/third_party/SwiftOpenUI/Sources/Backend/GTK4/Rendering/GTKRenderer.swift:441:27
 40 [ra]          0x0000aaaaab4a1224 NavigationStack.gtkCreateWidget() + 2363 in icecubes-linux-app at /work/third_party/SwiftOpenUI/Sources/Backend/GTK4/Rendering/GTKNavigation.swift:426:43
 41 [ra] [thunk]  0x0000aaaaab496b84 protocol witness for GTKRenderable.gtkCreateWidget() in conformance NavigationStack<A> + 11 in icecubes-linux-app at //<compiler-generated>
 42 [ra]          0x0000aaaaab4df350 gtkRenderView<A>(_:) + 427 in icecubes-linux-app at /work/third_party/SwiftOpenUI/Sources/Backend/GTK4/Rendering/GTKRenderer.swift:441:27
 43 [ra]          0x0000aaaaab4f6450 OnAppearView.gtkCreateWidget() + 131 in icecubes-linux-app at /work/third_party/SwiftOpenUI/Sources/Backend/GTK4/Rendering/GTKRenderer.swift:3511:39
 44 [ra] [thunk]  0x0000aaaaab4b8310 protocol witness for GTKRenderable.gtkCreateWidget() in conformance OnAppearView<A> + 11 in icecubes-linux-app at //<compiler-generated>
 45 [ra]          0x0000aaaaab4df350 gtkRenderView<A>(_:) + 427 in icecubes-linux-app at /work/third_party/SwiftOpenUI/Sources/Backend/GTK4/Rendering/GTKRenderer.swift:441:27
 46 [ra]          0x0000aaaaab4f6150 TaskView.gtkCreateWidget() + 271 in icecubes-linux-app at /work/third_party/SwiftOpenUI/Sources/Backend/GTK4/Rendering/GTKRenderer.swift:3488:39
...
222 [ra]          0x0000aaaaab45cf38 closure #1 in GTK4Backend.run<A>(_:) + 379 in icecubes-linux-app at /work/third_party/SwiftOpenUI/Sources/Backend/GTK4/Rendering/GTK4Backend.swift:661:13
223 [ra]          0x0000aaaaab45d194 closure #2 in GTK4Backend.run<A>(_:) + 335 in icecubes-linux-app at /work/third_party/SwiftOpenUI/Sources/Backend/GTK4/Rendering/GTK4Backend.swift:670:21
224 [ra] [thunk]  0x0000aaaaab45d1c0 @objc closure #2 in GTK4Backend.run<A>(_:) + 11 in icecubes-linux-app at //<compiler-generated>
225 [ra]          0x0000ffff92895914 <unknown> in libgobject-2.0.so.0.8000.0
226 [ra]          0x0000ffff928c9ddc <unknown> in libgobject-2.0.so.0.8000.0
227 [ra]          0x0000ffff928b7ef4 <unknown> in libgobject-2.0.so.0.8000.0
228 [ra]          0x0000ffff928b8178 <unknown> in libgobject-2.0.so.0.8000.0
229 [ra]          0x0000ffff928b8234 <unknown> in libgobject-2.0.so.0.8000.0
230 [ra]          0x0000ffff92a0868c <unknown> in libgio-2.0.so.0.8000.0
231 [ra]          0x0000ffff92a08824 <unknown> in libgio-2.0.so.0.8000.0
232 [ra]          0x0000aaaaab4632b8 GTK4Backend.run<A>(_:) + 571 in icecubes-linux-app at /work/third_party/SwiftOpenUI/Sources/Backend/GTK4/Rendering/GTK4Backend.swift:689:22
233 [ra]          0x0000aaaaac742a3c static App.main() + 51 in icecubes-linux-app at /work/Sources/SwiftUIShim/AppRuntime.swift:7:23
234 [ra] [system] 0x0000aaaaabd81400 static IceCubesApp.$main() + 39 in icecubes-linux-app at //<compiler-generated>
235 [ra] [system] 0x0000aaaaabd81c48 IceCubesLinuxApp_main + 11 in icecubes-linux-app at /work/.upstream/icecubes/IceCubesApp/App/Main/IceCubesApp.swift
236 [ra]          0x0000ffff925284c4 <unknown> in libc.so.6
237 [ra]          0x0000ffff92528598 <unknown> in libc.so.6
...


Registers:

 x0 0x0000000000000000  0
 x1 0x0000ffff94d81840  b0 c0 c8 94 ff ff 00 00 90 0d d8 94 ff ff 00 00  °ÀÈ·ÿÿ····Ø·ÿÿ··
 x2 0x0000ffff94c65f30  00 02 00 00 00 00 00 00 28 3c c9 94 ff ff 00 00  ········(<É·ÿÿ··
 x3 0x0000ffff94c94a1c  14 fd ef ff 26 fd ef ff 00 00 00 00 00 00 00 00  ·ýïÿ&ýïÿ········
 x4 0x0000ffff94c94a44  07 00 00 00 00 00 00 00 07 00 00 00 23 fd ef ff  ············#ýïÿ
 x5 0x0000000080800000  2155872256
 x6 0x726e6b41feff1f64  8245645898957135716
 x7 0x7f7f7f7f7f7f7f7f  9187201950435737471
 x8 0x0000ffffca6343d0  00 00 00 00 00 00 00 00 cd 8c 55 ed d7 af 51 ff  ········Í·Uí×¯Qÿ
 x9 0x0000ffff9499b5f4  ca 00 fb 17 36 01 fb 17 35 9e fb 17 34 9e fb 17  Ê·û·6·û·5·û·4·û·
x10 0x0000000000000003  3
x11 0x0000ffffca634710  00 00 00 00 00 00 00 00 00 00 00 00 00 00 00 00  ················
x12 0x0000aaaae137fda0  f0 f3 c5 94 ff ff 00 00 00 00 00 00 00 00 00 00  ðóÅ·ÿÿ··········
x13 0x0000aaaaade1ff08  00 02 00 00 00 00 00 00 64 08 f4 ad aa aa 00 00  ········d·ô­ªª··
x14 0x0000aaaaade1ff08  00 02 00 00 00 00 00 00 64 08 f4 ad aa aa 00 00  ········d·ô­ªª··
x15 0x0000ffff94c5f3f0  00 02 00 00 00 00 00 00 fc 89 c9 94 ff ff 00 00  ········ü·É·ÿÿ··
x16 0x0000aaaaade303b8  a8 f6 99 94 ff ff 00 00 dc f6 31 94 ff ff 00 00  ¨ö··ÿÿ··Üö1·ÿÿ··
x17 0x0000ffff9499f6a8  fd 7b bb a9 fa 67 01 a9 f8 5f 02 a9 f6 57 03 a9  ý{»©úg·©ø_·©öW·©
x18 0x0000000000000000  0
x19 0x0000ffffca6343d0  00 00 00 00 00 00 00 00 cd 8c 55 ed d7 af 51 ff  ········Í·Uí×¯Qÿ
x20 0x0000ffffca6347a8  00 00 00 00 00 00 00 00 a0 b1 2b e1 aa aa 00 00  ········ ±+áªª··
x21 0x0000ffff94d81840  b0 c0 c8 94 ff ff 00 00 90 0d d8 94 ff ff 00 00  °ÀÈ·ÿÿ····Ø·ÿÿ··
x22 0x0000ffff94c65f30  00 02 00 00 00 00 00 00 28 3c c9 94 ff ff 00 00  ········(<É·ÿÿ··
x23 0x0000ffff94c94a1c  14 fd ef ff 26 fd ef ff 00 00 00 00 00 00 00 00  ·ýïÿ&ýïÿ········
x24 0x0000ffffca6343d0  00 00 00 00 00 00 00 00 cd 8c 55 ed d7 af 51 ff  ········Í·Uí×¯Qÿ
x25 0x0000ffffca6343c0  00 00 00 00 00 00 00 00 00 00 00 00 00 00 00 00  ················
x26 0x0000ffff94c6d2a8  88 81 af 94 ff ff 00 00 94 81 af 94 ff ff 00 00  ··¯·ÿÿ····¯·ÿÿ··
x27 0x0000aaaadf57a6a0  05 00 00 00 00 00 00 00 00 00 00 00 00 00 00 00  ················
x28 0x0000ffff928d5f50  68 61 6e 64 6c 65 72 5f 72 65 66 00 00 00 00 00  handler_ref·····
 fp 0x0000ffffca6343a0  e0 43 63 ca ff ff 00 00 38 f7 99 94 ff ff 00 00  àCcÊÿÿ··8÷··ÿÿ··
 lr 0x0000ffff9485b934  60 02 00 f9 f3 0b 40 f9 fd 7b c2 a8 c0 03 5f d6  `··ùó·@ùý{Â¨À·_Ö
 sp 0x0000ffffca6343a0  e0 43 63 ca ff ff 00 00 38 f7 99 94 ff ff 00 00  àCcÊÿÿ··8÷··ÿÿ··
 pc 0x0000ffff9499e2ec  00 08 40 f9 c0 03 5f d6 fd 7b be a9 f5 4f 01 a9  ··@ùÀ·_Öý{¾©õO·©


Images (130 omitted):

0x0000aaaaab260000–0x0000aaaaadd8fe38 3d6b9b9b89a17108924c701c80c7d2a33e6dd025 icecubes-linux-app         /work/.build-icecubes-app/aarch64-unknown-linux-gnu/debug/icecubes-linux-app
0x0000ffff92500000–0x0000ffff92699ec1 d5ef86dde36cbd3289566cf5098226035d76f2e1 libc.so.6                  /usr/lib/aarch64-linux-gnu/libc.so.6
0x0000ffff92880000–0x0000ffff928e7118 e55b57e7e21637d2dc1dc9a6f4be84d181d6f9ab libgobject-2.0.so.0.8000.0 /usr/lib/aarch64-linux-gnu/libgobject-2.0.so.0.8000.0
0x0000ffff92910000–0x0000ffff92afca58 1363827da40208e4222b77ccaf6814bee84fd293 libgio-2.0.so.0.8000.0     /usr/lib/aarch64-linux-gnu/libgio-2.0.so.0.8000.0
0x0000ffff94700000–0x0000ffff94c3ef30 2ac0969a342ebc2a5e967e327bd1ecbf7f550a28 libswiftCore.so            /usr/lib/swift/linux/libswiftCore.so

Backtrace took 1.51s

